14-Oct-2019 14:46:07.425 INFO [main] org.apache.catalina.startup.VersionLoggerListener.log Server version name:   Apache Tomcat/9.0.26
14-Oct-2019 14:46:07.431 INFO [main] org.apache.catalina.startup.VersionLoggerListener.log Server built:          Sep 16 2019 15:51:39 UTC
14-Oct-2019 14:46:07.432 INFO [main] org.apache.catalina.startup.VersionLoggerListener.log Server version number: 9.0.26.0
14-Oct-2019 14:46:07.432 INFO [main] org.apache.catalina.startup.VersionLoggerListener.log OS Name:               Windows 10
14-Oct-2019 14:46:07.433 INFO [main] org.apache.catalina.startup.VersionLoggerListener.log OS Version:            10.0
14-Oct-2019 14:46:07.433 INFO [main] org.apache.catalina.startup.VersionLoggerListener.log Architecture:          amd64
14-Oct-2019 14:46:07.433 INFO [main] org.apache.catalina.startup.VersionLoggerListener.log Java Home:             C:\Program Files\Java\jdk-13
14-Oct-2019 14:46:07.434 INFO [main] org.apache.catalina.startup.VersionLoggerListener.log JVM Version:           13+33
14-Oct-2019 14:46:07.434 INFO [main] org.apache.catalina.startup.VersionLoggerListener.log JVM Vendor:            Oracle Corporation
14-Oct-2019 14:46:07.435 INFO [main] org.apache.catalina.startup.VersionLoggerListener.log CATALINA_BASE:         C:\Users\hayde\Desktop\UCI\Fall 2019\EECS 118\MP2\apache-tomcat-9.0.26
14-Oct-2019 14:46:07.436 INFO [main] org.apache.catalina.startup.VersionLoggerListener.log CATALINA_HOME:         C:\Users\hayde\Desktop\UCI\Fall 2019\EECS 118\MP2\apache-tomcat-9.0.26
14-Oct-2019 14:46:07.513 INFO [main] org.apache.catalina.startup.VersionLoggerListener.log Command line argument: --add-opens=java.base/java.lang=ALL-UNNAMED
14-Oct-2019 14:46:07.515 INFO [main] org.apache.catalina.startup.VersionLoggerListener.log Command line argument: --add-opens=java.base/java.io=ALL-UNNAMED
14-Oct-2019 14:46:07.516 INFO [main] org.apache.catalina.startup.VersionLoggerListener.log Command line argument: --add-opens=java.rmi/sun.rmi.transport=ALL-UNNAMED
14-Oct-2019 14:46:07.516 INFO [main] org.apache.catalina.startup.VersionLoggerListener.log Command line argument: -Djava.util.logging.config.file=C:\Users\hayde\Desktop\UCI\Fall 2019\EECS 118\MP2\apache-tomcat-9.0.26\conf\logging.properties
14-Oct-2019 14:46:07.517 INFO [main] org.apache.catalina.startup.VersionLoggerListener.log Command line argument: -Djava.util.logging.manager=org.apache.juli.ClassLoaderLogManager
14-Oct-2019 14:46:07.519 INFO [main] org.apache.catalina.startup.VersionLoggerListener.log Command line argument: -Djdk.tls.ephemeralDHKeySize=2048
14-Oct-2019 14:46:07.520 INFO [main] org.apache.catalina.startup.VersionLoggerListener.log Command line argument: -Djava.protocol.handler.pkgs=org.apache.catalina.webresources
14-Oct-2019 14:46:07.521 INFO [main] org.apache.catalina.startup.VersionLoggerListener.log Command line argument: -Dignore.endorsed.dirs=
14-Oct-2019 14:46:07.522 INFO [main] org.apache.catalina.startup.VersionLoggerListener.log Command line argument: -Dcatalina.base=C:\Users\hayde\Desktop\UCI\Fall 2019\EECS 118\MP2\apache-tomcat-9.0.26
14-Oct-2019 14:46:07.524 INFO [main] org.apache.catalina.startup.VersionLoggerListener.log Command line argument: -Dcatalina.home=C:\Users\hayde\Desktop\UCI\Fall 2019\EECS 118\MP2\apache-tomcat-9.0.26
14-Oct-2019 14:46:07.525 INFO [main] org.apache.catalina.startup.VersionLoggerListener.log Command line argument: -Djava.io.tmpdir=C:\Users\hayde\Desktop\UCI\Fall 2019\EECS 118\MP2\apache-tomcat-9.0.26\temp
14-Oct-2019 14:46:07.530 INFO [main] org.apache.catalina.core.AprLifecycleListener.lifecycleEvent Loaded APR based Apache Tomcat Native library [1.2.23] using APR version [1.7.0].
14-Oct-2019 14:46:07.531 INFO [main] org.apache.catalina.core.AprLifecycleListener.lifecycleEvent APR capabilities: IPv6 [true], sendfile [true], accept filters [false], random [true].
14-Oct-2019 14:46:07.533 INFO [main] org.apache.catalina.core.AprLifecycleListener.lifecycleEvent APR/OpenSSL configuration: useAprConnector [false], useOpenSSL [true]
14-Oct-2019 14:46:07.545 INFO [main] org.apache.catalina.core.AprLifecycleListener.initializeSSL OpenSSL successfully initialized [OpenSSL 1.1.1c  28 May 2019]
14-Oct-2019 14:46:08.037 INFO [main] org.apache.coyote.AbstractProtocol.init Initializing ProtocolHandler ["http-nio-8080"]
14-Oct-2019 14:46:08.894 INFO [main] org.apache.coyote.AbstractProtocol.init Initializing ProtocolHandler ["ajp-nio-8009"]
14-Oct-2019 14:46:08.898 INFO [main] org.apache.catalina.startup.Catalina.load Server initialization in [1,991] milliseconds
14-Oct-2019 14:46:08.955 INFO [main] org.apache.catalina.core.StandardService.startInternal Starting service [Catalina]
14-Oct-2019 14:46:08.955 INFO [main] org.apache.catalina.core.StandardEngine.startInternal Starting Servlet engine: [Apache Tomcat/9.0.26]
14-Oct-2019 14:46:08.974 INFO [main] org.apache.catalina.startup.HostConfig.deployDirectory Deploying web application directory [C:\Users\hayde\Desktop\UCI\Fall 2019\EECS 118\MP2\apache-tomcat-9.0.26\webapps\docs]
14-Oct-2019 14:46:09.624 WARNING [main] org.apache.catalina.util.SessionIdGeneratorBase.createSecureRandom Creation of SecureRandom instance for session ID generation using [SHA1PRNG] took [303] milliseconds.
14-Oct-2019 14:46:09.661 INFO [main] org.apache.catalina.startup.HostConfig.deployDirectory Deployment of web application directory [C:\Users\hayde\Desktop\UCI\Fall 2019\EECS 118\MP2\apache-tomcat-9.0.26\webapps\docs] has finished in [687] ms
14-Oct-2019 14:46:09.664 INFO [main] org.apache.catalina.startup.HostConfig.deployDirectory Deploying web application directory [C:\Users\hayde\Desktop\UCI\Fall 2019\EECS 118\MP2\apache-tomcat-9.0.26\webapps\examples]
14-Oct-2019 14:46:13.360 INFO [main] org.apache.catalina.startup.HostConfig.deployDirectory Deployment of web application directory [C:\Users\hayde\Desktop\UCI\Fall 2019\EECS 118\MP2\apache-tomcat-9.0.26\webapps\examples] has finished in [3,696] ms
14-Oct-2019 14:46:13.367 INFO [main] org.apache.catalina.startup.HostConfig.deployDirectory Deploying web application directory [C:\Users\hayde\Desktop\UCI\Fall 2019\EECS 118\MP2\apache-tomcat-9.0.26\webapps\host-manager]
14-Oct-2019 14:46:13.521 INFO [main] org.apache.catalina.startup.HostConfig.deployDirectory Deployment of web application directory [C:\Users\hayde\Desktop\UCI\Fall 2019\EECS 118\MP2\apache-tomcat-9.0.26\webapps\host-manager] has finished in [150] ms
14-Oct-2019 14:46:13.521 INFO [main] org.apache.catalina.startup.HostConfig.deployDirectory Deploying web application directory [C:\Users\hayde\Desktop\UCI\Fall 2019\EECS 118\MP2\apache-tomcat-9.0.26\webapps\manager]
14-Oct-2019 14:46:13.684 INFO [main] org.apache.catalina.startup.HostConfig.deployDirectory Deployment of web application directory [C:\Users\hayde\Desktop\UCI\Fall 2019\EECS 118\MP2\apache-tomcat-9.0.26\webapps\manager] has finished in [159] ms
14-Oct-2019 14:46:13.685 INFO [main] org.apache.catalina.startup.HostConfig.deployDirectory Deploying web application directory [C:\Users\hayde\Desktop\UCI\Fall 2019\EECS 118\MP2\apache-tomcat-9.0.26\webapps\ROOT]
14-Oct-2019 14:46:13.806 INFO [main] org.apache.catalina.startup.HostConfig.deployDirectory Deployment of web application directory [C:\Users\hayde\Desktop\UCI\Fall 2019\EECS 118\MP2\apache-tomcat-9.0.26\webapps\ROOT] has finished in [121] ms
14-Oct-2019 14:46:13.811 INFO [main] org.apache.catalina.startup.HostConfig.deployDirectory Deploying web application directory [C:\Users\hayde\Desktop\UCI\Fall 2019\EECS 118\MP2\apache-tomcat-9.0.26\webapps\test]
14-Oct-2019 14:46:13.920 INFO [main] org.apache.catalina.startup.HostConfig.deployDirectory Deployment of web application directory [C:\Users\hayde\Desktop\UCI\Fall 2019\EECS 118\MP2\apache-tomcat-9.0.26\webapps\test] has finished in [109] ms
14-Oct-2019 14:46:13.927 INFO [main] org.apache.coyote.AbstractProtocol.start Starting ProtocolHandler ["http-nio-8080"]
14-Oct-2019 14:46:13.940 INFO [main] org.apache.coyote.AbstractProtocol.start Starting ProtocolHandler ["ajp-nio-8009"]
14-Oct-2019 14:46:13.950 INFO [main] org.apache.catalina.startup.Catalina.start Server startup in [5,050] milliseconds
14-Oct-2019 15:08:22.587 WARNING [Thread-16] org.apache.catalina.servlets.CGIServlet$CGIRunner.sendToLog stderr line: [  File "C:\Users\hayde\Desktop\UCI\Fall 2019\EECS 118\MP2\apache-tomcat-9.0.26\webapps\test\WEB-INF\cgi\project_2.py", line 15]
14-Oct-2019 15:08:22.591 WARNING [Thread-16] org.apache.catalina.servlets.CGIServlet$CGIRunner.sendToLog stderr line: [    print("<form action="upload.php" method="post" enctype="multipart/form-data">Select image to upload:<input type="file" name="fileToUpload" id="fileToUpload"><input type="submit" value="Upload Image" name="submit"></form>")]
14-Oct-2019 15:08:22.594 WARNING [Thread-16] org.apache.catalina.servlets.CGIServlet$CGIRunner.sendToLog stderr line: [                              ^]
14-Oct-2019 15:08:22.598 WARNING [Thread-16] org.apache.catalina.servlets.CGIServlet$CGIRunner.sendToLog stderr line: [SyntaxError: invalid syntax]
14-Oct-2019 15:08:22.600 WARNING [Thread-16] org.apache.catalina.servlets.CGIServlet$CGIRunner.sendToLog Received [4] lines on stderr
14-Oct-2019 15:12:34.669 WARNING [Thread-19] org.apache.catalina.servlets.CGIServlet$CGIRunner.sendToLog stderr line: [  File "C:\Users\hayde\Desktop\UCI\Fall 2019\EECS 118\MP2\apache-tomcat-9.0.26\webapps\test\WEB-INF\cgi\project_2.py", line 13]
14-Oct-2019 15:12:34.669 WARNING [Thread-19] org.apache.catalina.servlets.CGIServlet$CGIRunner.sendToLog stderr line: [    print("<input type='file'></input>")]
14-Oct-2019 15:12:34.678 WARNING [Thread-19] org.apache.catalina.servlets.CGIServlet$CGIRunner.sendToLog stderr line: [        ^]
14-Oct-2019 15:12:34.680 WARNING [Thread-19] org.apache.catalina.servlets.CGIServlet$CGIRunner.sendToLog stderr line: [SyntaxError: invalid syntax]
14-Oct-2019 15:12:34.685 WARNING [Thread-19] org.apache.catalina.servlets.CGIServlet$CGIRunner.sendToLog Received [4] lines on stderr
14-Oct-2019 15:12:47.570 WARNING [Thread-20] org.apache.catalina.servlets.CGIServlet$CGIRunner.sendToLog stderr line: [  File "C:\Users\hayde\Desktop\UCI\Fall 2019\EECS 118\MP2\apache-tomcat-9.0.26\webapps\test\WEB-INF\cgi\project_2.py", line 13]
14-Oct-2019 15:12:47.574 WARNING [Thread-20] org.apache.catalina.servlets.CGIServlet$CGIRunner.sendToLog stderr line: [    print("<input type='file'></input>")]
14-Oct-2019 15:12:47.582 WARNING [Thread-20] org.apache.catalina.servlets.CGIServlet$CGIRunner.sendToLog stderr line: [        ^]
14-Oct-2019 15:12:47.584 WARNING [Thread-20] org.apache.catalina.servlets.CGIServlet$CGIRunner.sendToLog stderr line: [SyntaxError: invalid syntax]
14-Oct-2019 15:12:47.585 WARNING [Thread-20] org.apache.catalina.servlets.CGIServlet$CGIRunner.sendToLog Received [4] lines on stderr
14-Oct-2019 16:35:24.967 INFO [http-nio-8080-exec-1] org.apache.catalina.servlets.CGIServlet$CGIRunner.run Bad header line [fuck]
14-Oct-2019 16:35:43.066 INFO [http-nio-8080-exec-3] org.apache.catalina.servlets.CGIServlet$CGIRunner.run Bad header line [fuck]
14-Oct-2019 21:00:02.801 INFO [main] org.apache.catalina.startup.VersionLoggerListener.log Server version name:   Apache Tomcat/9.0.26
14-Oct-2019 21:00:02.803 INFO [main] org.apache.catalina.startup.VersionLoggerListener.log Server built:          Sep 16 2019 15:51:39 UTC
14-Oct-2019 21:00:02.804 INFO [main] org.apache.catalina.startup.VersionLoggerListener.log Server version number: 9.0.26.0
14-Oct-2019 21:00:02.804 INFO [main] org.apache.catalina.startup.VersionLoggerListener.log OS Name:               Windows 10
14-Oct-2019 21:00:02.804 INFO [main] org.apache.catalina.startup.VersionLoggerListener.log OS Version:            10.0
14-Oct-2019 21:00:02.804 INFO [main] org.apache.catalina.startup.VersionLoggerListener.log Architecture:          amd64
14-Oct-2019 21:00:02.804 INFO [main] org.apache.catalina.startup.VersionLoggerListener.log Java Home:             C:\Program Files\Java\jdk-13
14-Oct-2019 21:00:02.805 INFO [main] org.apache.catalina.startup.VersionLoggerListener.log JVM Version:           13+33
14-Oct-2019 21:00:02.805 INFO [main] org.apache.catalina.startup.VersionLoggerListener.log JVM Vendor:            Oracle Corporation
14-Oct-2019 21:00:02.805 INFO [main] org.apache.catalina.startup.VersionLoggerListener.log CATALINA_BASE:         C:\Users\hayde\Desktop\UCI\Fall 2019\EECS 118\MP2\apache-tomcat-9.0.26
14-Oct-2019 21:00:02.805 INFO [main] org.apache.catalina.startup.VersionLoggerListener.log CATALINA_HOME:         C:\Users\hayde\Desktop\UCI\Fall 2019\EECS 118\MP2\apache-tomcat-9.0.26
14-Oct-2019 21:00:02.839 INFO [main] org.apache.catalina.startup.VersionLoggerListener.log Command line argument: --add-opens=java.base/java.lang=ALL-UNNAMED
14-Oct-2019 21:00:02.839 INFO [main] org.apache.catalina.startup.VersionLoggerListener.log Command line argument: --add-opens=java.base/java.io=ALL-UNNAMED
14-Oct-2019 21:00:02.840 INFO [main] org.apache.catalina.startup.VersionLoggerListener.log Command line argument: --add-opens=java.rmi/sun.rmi.transport=ALL-UNNAMED
14-Oct-2019 21:00:02.840 INFO [main] org.apache.catalina.startup.VersionLoggerListener.log Command line argument: -Djava.util.logging.config.file=C:\Users\hayde\Desktop\UCI\Fall 2019\EECS 118\MP2\apache-tomcat-9.0.26\conf\logging.properties
14-Oct-2019 21:00:02.840 INFO [main] org.apache.catalina.startup.VersionLoggerListener.log Command line argument: -Djava.util.logging.manager=org.apache.juli.ClassLoaderLogManager
14-Oct-2019 21:00:02.841 INFO [main] org.apache.catalina.startup.VersionLoggerListener.log Command line argument: -Djdk.tls.ephemeralDHKeySize=2048
14-Oct-2019 21:00:02.841 INFO [main] org.apache.catalina.startup.VersionLoggerListener.log Command line argument: -Djava.protocol.handler.pkgs=org.apache.catalina.webresources
14-Oct-2019 21:00:02.842 INFO [main] org.apache.catalina.startup.VersionLoggerListener.log Command line argument: -Dignore.endorsed.dirs=
14-Oct-2019 21:00:02.842 INFO [main] org.apache.catalina.startup.VersionLoggerListener.log Command line argument: -Dcatalina.base=C:\Users\hayde\Desktop\UCI\Fall 2019\EECS 118\MP2\apache-tomcat-9.0.26
14-Oct-2019 21:00:02.842 INFO [main] org.apache.catalina.startup.VersionLoggerListener.log Command line argument: -Dcatalina.home=C:\Users\hayde\Desktop\UCI\Fall 2019\EECS 118\MP2\apache-tomcat-9.0.26
14-Oct-2019 21:00:02.843 INFO [main] org.apache.catalina.startup.VersionLoggerListener.log Command line argument: -Djava.io.tmpdir=C:\Users\hayde\Desktop\UCI\Fall 2019\EECS 118\MP2\apache-tomcat-9.0.26\temp
14-Oct-2019 21:00:02.843 INFO [main] org.apache.catalina.core.AprLifecycleListener.lifecycleEvent Loaded APR based Apache Tomcat Native library [1.2.23] using APR version [1.7.0].
14-Oct-2019 21:00:02.844 INFO [main] org.apache.catalina.core.AprLifecycleListener.lifecycleEvent APR capabilities: IPv6 [true], sendfile [true], accept filters [false], random [true].
14-Oct-2019 21:00:02.844 INFO [main] org.apache.catalina.core.AprLifecycleListener.lifecycleEvent APR/OpenSSL configuration: useAprConnector [false], useOpenSSL [true]
14-Oct-2019 21:00:02.849 INFO [main] org.apache.catalina.core.AprLifecycleListener.initializeSSL OpenSSL successfully initialized [OpenSSL 1.1.1c  28 May 2019]
14-Oct-2019 21:00:03.093 INFO [main] org.apache.coyote.AbstractProtocol.init Initializing ProtocolHandler ["http-nio-8080"]
14-Oct-2019 21:00:04.613 INFO [main] org.apache.coyote.AbstractProtocol.init Initializing ProtocolHandler ["ajp-nio-8009"]
14-Oct-2019 21:00:04.613 INFO [main] org.apache.catalina.startup.Catalina.load Server initialization in [2,031] milliseconds
14-Oct-2019 21:00:04.648 INFO [main] org.apache.catalina.core.StandardService.startInternal Starting service [Catalina]
14-Oct-2019 21:00:04.648 INFO [main] org.apache.catalina.core.StandardEngine.startInternal Starting Servlet engine: [Apache Tomcat/9.0.26]
14-Oct-2019 21:00:04.659 INFO [main] org.apache.catalina.startup.HostConfig.deployDirectory Deploying web application directory [C:\Users\hayde\Desktop\UCI\Fall 2019\EECS 118\MP2\apache-tomcat-9.0.26\webapps\docs]
14-Oct-2019 21:00:05.084 WARNING [main] org.apache.catalina.util.SessionIdGeneratorBase.createSecureRandom Creation of SecureRandom instance for session ID generation using [SHA1PRNG] took [213] milliseconds.
14-Oct-2019 21:00:05.109 INFO [main] org.apache.catalina.startup.HostConfig.deployDirectory Deployment of web application directory [C:\Users\hayde\Desktop\UCI\Fall 2019\EECS 118\MP2\apache-tomcat-9.0.26\webapps\docs] has finished in [450] ms
14-Oct-2019 21:00:05.109 INFO [main] org.apache.catalina.startup.HostConfig.deployDirectory Deploying web application directory [C:\Users\hayde\Desktop\UCI\Fall 2019\EECS 118\MP2\apache-tomcat-9.0.26\webapps\examples]
14-Oct-2019 21:00:06.821 INFO [main] org.apache.catalina.startup.HostConfig.deployDirectory Deployment of web application directory [C:\Users\hayde\Desktop\UCI\Fall 2019\EECS 118\MP2\apache-tomcat-9.0.26\webapps\examples] has finished in [1,712] ms
14-Oct-2019 21:00:06.822 INFO [main] org.apache.catalina.startup.HostConfig.deployDirectory Deploying web application directory [C:\Users\hayde\Desktop\UCI\Fall 2019\EECS 118\MP2\apache-tomcat-9.0.26\webapps\host-manager]
14-Oct-2019 21:00:06.905 INFO [main] org.apache.catalina.startup.HostConfig.deployDirectory Deployment of web application directory [C:\Users\hayde\Desktop\UCI\Fall 2019\EECS 118\MP2\apache-tomcat-9.0.26\webapps\host-manager] has finished in [83] ms
14-Oct-2019 21:00:06.905 INFO [main] org.apache.catalina.startup.HostConfig.deployDirectory Deploying web application directory [C:\Users\hayde\Desktop\UCI\Fall 2019\EECS 118\MP2\apache-tomcat-9.0.26\webapps\manager]
14-Oct-2019 21:00:06.970 INFO [main] org.apache.catalina.startup.HostConfig.deployDirectory Deployment of web application directory [C:\Users\hayde\Desktop\UCI\Fall 2019\EECS 118\MP2\apache-tomcat-9.0.26\webapps\manager] has finished in [65] ms
14-Oct-2019 21:00:06.971 INFO [main] org.apache.catalina.startup.HostConfig.deployDirectory Deploying web application directory [C:\Users\hayde\Desktop\UCI\Fall 2019\EECS 118\MP2\apache-tomcat-9.0.26\webapps\ROOT]
14-Oct-2019 21:00:07.027 INFO [main] org.apache.catalina.startup.HostConfig.deployDirectory Deployment of web application directory [C:\Users\hayde\Desktop\UCI\Fall 2019\EECS 118\MP2\apache-tomcat-9.0.26\webapps\ROOT] has finished in [56] ms
14-Oct-2019 21:00:07.028 INFO [main] org.apache.catalina.startup.HostConfig.deployDirectory Deploying web application directory [C:\Users\hayde\Desktop\UCI\Fall 2019\EECS 118\MP2\apache-tomcat-9.0.26\webapps\test]
14-Oct-2019 21:00:07.087 INFO [main] org.apache.catalina.startup.HostConfig.deployDirectory Deployment of web application directory [C:\Users\hayde\Desktop\UCI\Fall 2019\EECS 118\MP2\apache-tomcat-9.0.26\webapps\test] has finished in [59] ms
14-Oct-2019 21:00:07.094 INFO [main] org.apache.coyote.AbstractProtocol.start Starting ProtocolHandler ["http-nio-8080"]
14-Oct-2019 21:00:07.103 INFO [main] org.apache.coyote.AbstractProtocol.start Starting ProtocolHandler ["ajp-nio-8009"]
14-Oct-2019 21:00:07.108 INFO [main] org.apache.catalina.startup.Catalina.start Server startup in [2,490] milliseconds
14-Oct-2019 21:10:09.236 WARNING [Thread-13] org.apache.catalina.servlets.CGIServlet$CGIRunner.sendToLog stderr line: [Traceback (most recent call last):]
14-Oct-2019 21:10:09.237 WARNING [Thread-13] org.apache.catalina.servlets.CGIServlet$CGIRunner.sendToLog stderr line: [  File "C:\Users\hayde\Desktop\UCI\Fall 2019\EECS 118\MP2\apache-tomcat-9.0.26\webapps\test\WEB-INF\cgi\project_2_page2.py", line 11, in <module>]
14-Oct-2019 21:10:09.238 WARNING [Thread-13] org.apache.catalina.servlets.CGIServlet$CGIRunner.sendToLog stderr line: [    print("<h3>Title %s<h3>")%(img1_title)]
14-Oct-2019 21:10:09.238 WARNING [Thread-13] org.apache.catalina.servlets.CGIServlet$CGIRunner.sendToLog stderr line: [TypeError: unsupported operand type(s) for %: 'NoneType' and 'NoneType']
14-Oct-2019 21:10:09.242 WARNING [Thread-13] org.apache.catalina.servlets.CGIServlet$CGIRunner.sendToLog Received [4] lines on stderr
14-Oct-2019 21:12:05.431 WARNING [Thread-14] org.apache.catalina.servlets.CGIServlet$CGIRunner.sendToLog stderr line: [Traceback (most recent call last):]
14-Oct-2019 21:12:05.431 WARNING [Thread-14] org.apache.catalina.servlets.CGIServlet$CGIRunner.sendToLog stderr line: [  File "C:\Users\hayde\Desktop\UCI\Fall 2019\EECS 118\MP2\apache-tomcat-9.0.26\webapps\test\WEB-INF\cgi\project_2_page2.py", line 11, in <module>]
14-Oct-2019 21:12:05.431 WARNING [Thread-14] org.apache.catalina.servlets.CGIServlet$CGIRunner.sendToLog stderr line: [    print("<h3>Title %s<h3>")%(img1_title)]
14-Oct-2019 21:12:05.432 WARNING [Thread-14] org.apache.catalina.servlets.CGIServlet$CGIRunner.sendToLog stderr line: [TypeError: unsupported operand type(s) for %: 'NoneType' and 'NoneType']
14-Oct-2019 21:12:05.437 WARNING [Thread-14] org.apache.catalina.servlets.CGIServlet$CGIRunner.sendToLog Received [4] lines on stderr
14-Oct-2019 21:13:08.934 WARNING [Thread-16] org.apache.catalina.servlets.CGIServlet$CGIRunner.sendToLog stderr line: [Traceback (most recent call last):]
14-Oct-2019 21:13:08.935 WARNING [Thread-16] org.apache.catalina.servlets.CGIServlet$CGIRunner.sendToLog stderr line: [  File "C:\Users\hayde\Desktop\UCI\Fall 2019\EECS 118\MP2\apache-tomcat-9.0.26\webapps\test\WEB-INF\cgi\project_2_page2.py", line 11, in <module>]
14-Oct-2019 21:13:08.935 WARNING [Thread-16] org.apache.catalina.servlets.CGIServlet$CGIRunner.sendToLog stderr line: [    print("<h3>Title %s<h3>")%(img1_title)]
14-Oct-2019 21:13:08.936 WARNING [Thread-16] org.apache.catalina.servlets.CGIServlet$CGIRunner.sendToLog stderr line: [TypeError: unsupported operand type(s) for %: 'NoneType' and 'NoneType']
14-Oct-2019 21:13:08.942 WARNING [Thread-16] org.apache.catalina.servlets.CGIServlet$CGIRunner.sendToLog Received [4] lines on stderr
14-Oct-2019 21:14:44.982 WARNING [Thread-17] org.apache.catalina.servlets.CGIServlet$CGIRunner.sendToLog stderr line: [Traceback (most recent call last):]
14-Oct-2019 21:14:44.988 WARNING [Thread-17] org.apache.catalina.servlets.CGIServlet$CGIRunner.sendToLog stderr line: [  File "C:\Users\hayde\Desktop\UCI\Fall 2019\EECS 118\MP2\apache-tomcat-9.0.26\webapps\test\WEB-INF\cgi\project_2_page2.py", line 11, in <module>]
14-Oct-2019 21:14:44.990 WARNING [Thread-17] org.apache.catalina.servlets.CGIServlet$CGIRunner.sendToLog stderr line: [    print("<h6>Title %s</h6>")%(img1_title)]
14-Oct-2019 21:14:44.992 WARNING [Thread-17] org.apache.catalina.servlets.CGIServlet$CGIRunner.sendToLog stderr line: [TypeError: unsupported operand type(s) for %: 'NoneType' and 'NoneType']
14-Oct-2019 21:14:44.992 WARNING [Thread-17] org.apache.catalina.servlets.CGIServlet$CGIRunner.sendToLog Received [4] lines on stderr
14-Oct-2019 21:14:57.114 WARNING [Thread-18] org.apache.catalina.servlets.CGIServlet$CGIRunner.sendToLog stderr line: [Traceback (most recent call last):]
14-Oct-2019 21:14:57.114 WARNING [Thread-18] org.apache.catalina.servlets.CGIServlet$CGIRunner.sendToLog stderr line: [  File "C:\Users\hayde\Desktop\UCI\Fall 2019\EECS 118\MP2\apache-tomcat-9.0.26\webapps\test\WEB-INF\cgi\project_2_page2.py", line 11, in <module>]
14-Oct-2019 21:14:57.115 WARNING [Thread-18] org.apache.catalina.servlets.CGIServlet$CGIRunner.sendToLog stderr line: [    print("<h4>Title %s</h4>")%(img1_title)]
14-Oct-2019 21:14:57.116 WARNING [Thread-18] org.apache.catalina.servlets.CGIServlet$CGIRunner.sendToLog stderr line: [TypeError: unsupported operand type(s) for %: 'NoneType' and 'NoneType']
14-Oct-2019 21:14:57.120 WARNING [Thread-18] org.apache.catalina.servlets.CGIServlet$CGIRunner.sendToLog Received [4] lines on stderr
14-Oct-2019 21:20:01.700 WARNING [Thread-20] org.apache.catalina.servlets.CGIServlet$CGIRunner.sendToLog stderr line: [Traceback (most recent call last):]
14-Oct-2019 21:20:01.700 WARNING [Thread-20] org.apache.catalina.servlets.CGIServlet$CGIRunner.sendToLog stderr line: [  File "C:\Users\hayde\Desktop\UCI\Fall 2019\EECS 118\MP2\apache-tomcat-9.0.26\webapps\test\WEB-INF\cgi\project_2_page2.py", line 11, in <module>]
14-Oct-2019 21:20:01.702 WARNING [Thread-20] org.apache.catalina.servlets.CGIServlet$CGIRunner.sendToLog stderr line: [    print("<h4>Title %s</h4>")%(img1_title)]
14-Oct-2019 21:20:01.702 WARNING [Thread-20] org.apache.catalina.servlets.CGIServlet$CGIRunner.sendToLog stderr line: [TypeError: unsupported operand type(s) for %: 'NoneType' and 'NoneType']
14-Oct-2019 21:20:01.710 WARNING [Thread-20] org.apache.catalina.servlets.CGIServlet$CGIRunner.sendToLog Received [4] lines on stderr
14-Oct-2019 21:20:34.941 WARNING [Thread-23] org.apache.catalina.servlets.CGIServlet$CGIRunner.sendToLog stderr line: [Traceback (most recent call last):]
14-Oct-2019 21:20:34.941 WARNING [Thread-23] org.apache.catalina.servlets.CGIServlet$CGIRunner.sendToLog stderr line: [  File "C:\Users\hayde\Desktop\UCI\Fall 2019\EECS 118\MP2\apache-tomcat-9.0.26\webapps\test\WEB-INF\cgi\project_2_page2.py", line 11, in <module>]
14-Oct-2019 21:20:34.941 WARNING [Thread-23] org.apache.catalina.servlets.CGIServlet$CGIRunner.sendToLog stderr line: [    print("<h4>Title %s</h4>")%(img1_title)]
14-Oct-2019 21:20:34.941 WARNING [Thread-23] org.apache.catalina.servlets.CGIServlet$CGIRunner.sendToLog stderr line: [TypeError: unsupported operand type(s) for %: 'NoneType' and 'NoneType']
14-Oct-2019 21:20:34.947 WARNING [Thread-23] org.apache.catalina.servlets.CGIServlet$CGIRunner.sendToLog Received [4] lines on stderr
14-Oct-2019 21:25:27.146 WARNING [Thread-26] org.apache.catalina.servlets.CGIServlet$CGIRunner.sendToLog stderr line: [Traceback (most recent call last):]
14-Oct-2019 21:25:27.146 WARNING [Thread-26] org.apache.catalina.servlets.CGIServlet$CGIRunner.sendToLog stderr line: [  File "C:\Users\hayde\Desktop\UCI\Fall 2019\EECS 118\MP2\apache-tomcat-9.0.26\webapps\test\WEB-INF\cgi\project_2_page2.py", line 11, in <module>]
14-Oct-2019 21:25:27.147 WARNING [Thread-26] org.apache.catalina.servlets.CGIServlet$CGIRunner.sendToLog stderr line: [    print("<h4>Title %s</h4>")%(img1_title)]
14-Oct-2019 21:25:27.147 WARNING [Thread-26] org.apache.catalina.servlets.CGIServlet$CGIRunner.sendToLog stderr line: [TypeError: unsupported operand type(s) for %: 'NoneType' and 'NoneType']
14-Oct-2019 21:25:27.151 WARNING [Thread-26] org.apache.catalina.servlets.CGIServlet$CGIRunner.sendToLog Received [4] lines on stderr
14-Oct-2019 21:32:57.089 WARNING [Thread-32] org.apache.catalina.servlets.CGIServlet$CGIRunner.sendToLog stderr line: [Traceback (most recent call last):]
14-Oct-2019 21:32:57.089 WARNING [Thread-32] org.apache.catalina.servlets.CGIServlet$CGIRunner.sendToLog stderr line: [  File "C:\Users\hayde\Desktop\UCI\Fall 2019\EECS 118\MP2\apache-tomcat-9.0.26\webapps\test\WEB-INF\cgi\project_2_page2.py", line 11, in <module>]
14-Oct-2019 21:32:57.090 WARNING [Thread-32] org.apache.catalina.servlets.CGIServlet$CGIRunner.sendToLog stderr line: [    print("<h4>Title: %s</h4>")%(img1_title)]
14-Oct-2019 21:32:57.090 WARNING [Thread-32] org.apache.catalina.servlets.CGIServlet$CGIRunner.sendToLog stderr line: [TypeError: unsupported operand type(s) for %: 'NoneType' and 'str']
14-Oct-2019 21:32:57.095 WARNING [Thread-32] org.apache.catalina.servlets.CGIServlet$CGIRunner.sendToLog Received [4] lines on stderr
14-Oct-2019 21:47:10.060 WARNING [Thread-38] org.apache.catalina.servlets.CGIServlet$CGIRunner.sendToLog stderr line: [  File "C:\Users\hayde\Desktop\UCI\Fall 2019\EECS 118\MP2\apache-tomcat-9.0.26\webapps\test\WEB-INF\cgi\project_2_page2.py", line 14]
14-Oct-2019 21:47:10.061 WARNING [Thread-38] org.apache.catalina.servlets.CGIServlet$CGIRunner.sendToLog stderr line: [    print "error"]
14-Oct-2019 21:47:10.061 WARNING [Thread-38] org.apache.catalina.servlets.CGIServlet$CGIRunner.sendToLog stderr line: [                ^]
14-Oct-2019 21:47:10.061 WARNING [Thread-38] org.apache.catalina.servlets.CGIServlet$CGIRunner.sendToLog stderr line: [SyntaxError: Missing parentheses in call to 'print'. Did you mean print("error")?]
14-Oct-2019 21:47:10.063 WARNING [Thread-38] org.apache.catalina.servlets.CGIServlet$CGIRunner.sendToLog Received [4] lines on stderr
14-Oct-2019 21:47:25.768 WARNING [Thread-39] org.apache.catalina.servlets.CGIServlet$CGIRunner.sendToLog stderr line: [  File "C:\Users\hayde\Desktop\UCI\Fall 2019\EECS 118\MP2\apache-tomcat-9.0.26\webapps\test\WEB-INF\cgi\project_2_page2.py", line 14]
14-Oct-2019 21:47:25.768 WARNING [Thread-39] org.apache.catalina.servlets.CGIServlet$CGIRunner.sendToLog stderr line: [    print "error"]
14-Oct-2019 21:47:25.769 WARNING [Thread-39] org.apache.catalina.servlets.CGIServlet$CGIRunner.sendToLog stderr line: [                ^]
14-Oct-2019 21:47:25.769 WARNING [Thread-39] org.apache.catalina.servlets.CGIServlet$CGIRunner.sendToLog stderr line: [SyntaxError: Missing parentheses in call to 'print'. Did you mean print("error")?]
14-Oct-2019 21:47:25.771 WARNING [Thread-39] org.apache.catalina.servlets.CGIServlet$CGIRunner.sendToLog Received [4] lines on stderr
14-Oct-2019 21:50:24.490 WARNING [Thread-40] org.apache.catalina.servlets.CGIServlet$CGIRunner.sendToLog stderr line: [  File "C:\Users\hayde\Desktop\UCI\Fall 2019\EECS 118\MP2\apache-tomcat-9.0.26\webapps\test\WEB-INF\cgi\project_2_page2.py", line 15]
14-Oct-2019 21:50:24.491 WARNING [Thread-40] org.apache.catalina.servlets.CGIServlet$CGIRunner.sendToLog stderr line: [    print "error"]
14-Oct-2019 21:50:24.491 WARNING [Thread-40] org.apache.catalina.servlets.CGIServlet$CGIRunner.sendToLog stderr line: [                ^]
14-Oct-2019 21:50:24.492 WARNING [Thread-40] org.apache.catalina.servlets.CGIServlet$CGIRunner.sendToLog stderr line: [SyntaxError: Missing parentheses in call to 'print'. Did you mean print("error")?]
14-Oct-2019 21:50:24.494 WARNING [Thread-40] org.apache.catalina.servlets.CGIServlet$CGIRunner.sendToLog Received [4] lines on stderr
14-Oct-2019 21:50:47.058 WARNING [Thread-41] org.apache.catalina.servlets.CGIServlet$CGIRunner.sendToLog stderr line: [  File "C:\Users\hayde\Desktop\UCI\Fall 2019\EECS 118\MP2\apache-tomcat-9.0.26\webapps\test\WEB-INF\cgi\project_2_page2.py", line 15]
14-Oct-2019 21:50:47.058 WARNING [Thread-41] org.apache.catalina.servlets.CGIServlet$CGIRunner.sendToLog stderr line: [    print "error"]
14-Oct-2019 21:50:47.059 WARNING [Thread-41] org.apache.catalina.servlets.CGIServlet$CGIRunner.sendToLog stderr line: [                ^]
14-Oct-2019 21:50:47.059 WARNING [Thread-41] org.apache.catalina.servlets.CGIServlet$CGIRunner.sendToLog stderr line: [SyntaxError: Missing parentheses in call to 'print'. Did you mean print("error")?]
14-Oct-2019 21:50:47.062 WARNING [Thread-41] org.apache.catalina.servlets.CGIServlet$CGIRunner.sendToLog Received [4] lines on stderr
14-Oct-2019 21:52:37.522 WARNING [Thread-43] org.apache.catalina.servlets.CGIServlet$CGIRunner.sendToLog stderr line: [  File "C:\Users\hayde\Desktop\UCI\Fall 2019\EECS 118\MP2\apache-tomcat-9.0.26\webapps\test\WEB-INF\cgi\project_2_page2.py", line 15]
14-Oct-2019 21:52:37.523 WARNING [Thread-43] org.apache.catalina.servlets.CGIServlet$CGIRunner.sendToLog stderr line: [    print "error"]
14-Oct-2019 21:52:37.523 WARNING [Thread-43] org.apache.catalina.servlets.CGIServlet$CGIRunner.sendToLog stderr line: [                ^]
14-Oct-2019 21:52:37.524 WARNING [Thread-43] org.apache.catalina.servlets.CGIServlet$CGIRunner.sendToLog stderr line: [SyntaxError: Missing parentheses in call to 'print'. Did you mean print("error")?]
14-Oct-2019 21:52:37.526 WARNING [Thread-43] org.apache.catalina.servlets.CGIServlet$CGIRunner.sendToLog Received [4] lines on stderr
14-Oct-2019 21:55:57.585 WARNING [Thread-45] org.apache.catalina.servlets.CGIServlet$CGIRunner.sendToLog stderr line: [  File "C:\Users\hayde\Desktop\UCI\Fall 2019\EECS 118\MP2\apache-tomcat-9.0.26\webapps\test\WEB-INF\cgi\project_2_page2.py", line 30]
14-Oct-2019 21:55:57.585 WARNING [Thread-45] org.apache.catalina.servlets.CGIServlet$CGIRunner.sendToLog stderr line: [    """]
14-Oct-2019 21:55:57.586 WARNING [Thread-45] org.apache.catalina.servlets.CGIServlet$CGIRunner.sendToLog stderr line: [      ^]
14-Oct-2019 21:55:57.586 WARNING [Thread-45] org.apache.catalina.servlets.CGIServlet$CGIRunner.sendToLog stderr line: [SyntaxError: Missing parentheses in call to 'print'. Did you mean print("""/]
14-Oct-2019 21:55:57.586 WARNING [Thread-45] org.apache.catalina.servlets.CGIServlet$CGIRunner.sendToLog stderr line: [Content-Type: text/html]
14-Oct-2019 21:55:57.587 WARNING [Thread-45] org.apache.catalina.servlets.CGIServlet$CGIRunner.sendToLog stderr line: [<html>]
14-Oct-2019 21:55:57.587 WARNING [Thread-45] org.apache.catalina.servlets.CGIServlet$CGIRunner.sendToLog stderr line: [<h1>Image 1</h1>]
14-Oct-2019 21:55:57.588 WARNING [Thread-45] org.apache.catalina.servlets.CGIServlet$CGIRunner.sendToLog stderr line: [show image here]
14-Oct-2019 21:55:57.588 WARNING [Thread-45] org.apache.catalina.servlets.CGIServlet$CGIRunner.sendToLog stderr line: [<h4>Title: </h4>]
14-Oct-2019 21:55:57.589 WARNING [Thread-45] org.apache.catalina.servlets.CGIServlet$CGIRunner.sendToLog stderr line: [img1_title+<br>]
14-Oct-2019 21:55:57.590 WARNING [Thread-45] org.apache.catalina.servlets.CGIServlet$CGIRunner.sendToLog stderr line: [img1_artist+<br>]
14-Oct-2019 21:55:57.590 WARNING [Thread-45] org.apache.catalina.servlets.CGIServlet$CGIRunner.sendToLog stderr line: [img1_year+<br>]
14-Oct-2019 21:55:57.590 WARNING [Thread-45] org.apache.catalina.servlets.CGIServlet$CGIRunner.sendToLog stderr line: [img1_des+<br>]
14-Oct-2019 21:55:57.590 WARNING [Thread-45] org.apache.catalina.servlets.CGIServlet$CGIRunner.sendToLog stderr line: [</html>]
14-Oct-2019 21:55:57.591 WARNING [Thread-45] org.apache.catalina.servlets.CGIServlet$CGIRunner.sendToLog stderr line: [""")?]
14-Oct-2019 21:55:57.591 WARNING [Thread-45] org.apache.catalina.servlets.CGIServlet$CGIRunner.sendToLog Received [15] lines on stderr
14-Oct-2019 21:58:09.591 WARNING [Thread-46] org.apache.catalina.servlets.CGIServlet$CGIRunner.sendToLog stderr line: [  File "C:\Users\hayde\Desktop\UCI\Fall 2019\EECS 118\MP2\apache-tomcat-9.0.26\webapps\test\WEB-INF\cgi\hello.py", line 18]
14-Oct-2019 21:58:09.592 WARNING [Thread-46] org.apache.catalina.servlets.CGIServlet$CGIRunner.sendToLog stderr line: [    </html>]
14-Oct-2019 21:58:09.593 WARNING [Thread-46] org.apache.catalina.servlets.CGIServlet$CGIRunner.sendToLog stderr line: [          ^]
14-Oct-2019 21:58:09.593 WARNING [Thread-46] org.apache.catalina.servlets.CGIServlet$CGIRunner.sendToLog stderr line: [SyntaxError: Missing parentheses in call to 'print'. Did you mean print("""/Content-type:text/html\r\n\r\n]
14-Oct-2019 21:58:09.593 WARNING [Thread-46] org.apache.catalina.servlets.CGIServlet$CGIRunner.sendToLog stderr line: [<html>]
14-Oct-2019 21:58:09.594 WARNING [Thread-46] org.apache.catalina.servlets.CGIServlet$CGIRunner.sendToLog stderr line: [<head>]
14-Oct-2019 21:58:09.594 WARNING [Thread-46] org.apache.catalina.servlets.CGIServlet$CGIRunner.sendToLog stderr line: [<title>Hello - Second CGI Program</title>]
14-Oct-2019 21:58:09.595 WARNING [Thread-46] org.apache.catalina.servlets.CGIServlet$CGIRunner.sendToLog stderr line: [</head>]
14-Oct-2019 21:58:09.596 WARNING [Thread-46] org.apache.catalina.servlets.CGIServlet$CGIRunner.sendToLog stderr line: [<body>]
14-Oct-2019 21:58:09.596 WARNING [Thread-46] org.apache.catalina.servlets.CGIServlet$CGIRunner.sendToLog stderr line: [<h2>Hello</h2>]
14-Oct-2019 21:58:09.597 WARNING [Thread-46] org.apache.catalina.servlets.CGIServlet$CGIRunner.sendToLog stderr line: [</body>]
14-Oct-2019 21:58:09.597 WARNING [Thread-46] org.apache.catalina.servlets.CGIServlet$CGIRunner.sendToLog stderr line: [</html>)?]
14-Oct-2019 21:58:09.597 WARNING [Thread-46] org.apache.catalina.servlets.CGIServlet$CGIRunner.sendToLog Received [12] lines on stderr
14-Oct-2019 21:59:36.013 WARNING [Thread-47] org.apache.catalina.servlets.CGIServlet$CGIRunner.sendToLog stderr line: [  File "C:\Users\hayde\Desktop\UCI\Fall 2019\EECS 118\MP2\apache-tomcat-9.0.26\webapps\test\WEB-INF\cgi\hello.py", line 28]
14-Oct-2019 21:59:36.013 WARNING [Thread-47] org.apache.catalina.servlets.CGIServlet$CGIRunner.sendToLog stderr line: [    </html>]
14-Oct-2019 21:59:36.014 WARNING [Thread-47] org.apache.catalina.servlets.CGIServlet$CGIRunner.sendToLog stderr line: [          ^]
14-Oct-2019 21:59:36.014 WARNING [Thread-47] org.apache.catalina.servlets.CGIServlet$CGIRunner.sendToLog stderr line: [SyntaxError: Missing parentheses in call to 'print'. Did you mean print("""/Content-type:text/html\r\n\r\n]
14-Oct-2019 21:59:36.014 WARNING [Thread-47] org.apache.catalina.servlets.CGIServlet$CGIRunner.sendToLog stderr line: [<html>]
14-Oct-2019 21:59:36.015 WARNING [Thread-47] org.apache.catalina.servlets.CGIServlet$CGIRunner.sendToLog stderr line: [<head>]
14-Oct-2019 21:59:36.015 WARNING [Thread-47] org.apache.catalina.servlets.CGIServlet$CGIRunner.sendToLog stderr line: [<title>Hello - Second CGI Program</title>]
14-Oct-2019 21:59:36.016 WARNING [Thread-47] org.apache.catalina.servlets.CGIServlet$CGIRunner.sendToLog stderr line: [</head>]
14-Oct-2019 21:59:36.016 WARNING [Thread-47] org.apache.catalina.servlets.CGIServlet$CGIRunner.sendToLog stderr line: [<body>]
14-Oct-2019 21:59:36.017 WARNING [Thread-47] org.apache.catalina.servlets.CGIServlet$CGIRunner.sendToLog stderr line: [<h2>Hello</h2>]
14-Oct-2019 21:59:36.018 WARNING [Thread-47] org.apache.catalina.servlets.CGIServlet$CGIRunner.sendToLog stderr line: [</body>]
14-Oct-2019 21:59:36.018 WARNING [Thread-47] org.apache.catalina.servlets.CGIServlet$CGIRunner.sendToLog stderr line: [</html>)?]
14-Oct-2019 21:59:36.019 WARNING [Thread-47] org.apache.catalina.servlets.CGIServlet$CGIRunner.sendToLog Received [12] lines on stderr
14-Oct-2019 22:12:18.854 WARNING [Thread-51] org.apache.catalina.servlets.CGIServlet$CGIRunner.sendToLog stderr line: [  File "C:\Users\hayde\Desktop\UCI\Fall 2019\EECS 118\MP2\apache-tomcat-9.0.26\webapps\test\WEB-INF\cgi\project_2_page2.py", line 30]
14-Oct-2019 22:12:18.854 WARNING [Thread-51] org.apache.catalina.servlets.CGIServlet$CGIRunner.sendToLog stderr line: [    """]
14-Oct-2019 22:12:18.854 WARNING [Thread-51] org.apache.catalina.servlets.CGIServlet$CGIRunner.sendToLog stderr line: [      ^]
14-Oct-2019 22:12:18.855 WARNING [Thread-51] org.apache.catalina.servlets.CGIServlet$CGIRunner.sendToLog stderr line: [SyntaxError: Missing parentheses in call to 'print'. Did you mean print("""/]
14-Oct-2019 22:12:18.855 WARNING [Thread-51] org.apache.catalina.servlets.CGIServlet$CGIRunner.sendToLog stderr line: [Content-Type: text/html]
14-Oct-2019 22:12:18.855 WARNING [Thread-51] org.apache.catalina.servlets.CGIServlet$CGIRunner.sendToLog stderr line: [<html>]
14-Oct-2019 22:12:18.856 WARNING [Thread-51] org.apache.catalina.servlets.CGIServlet$CGIRunner.sendToLog stderr line: [<h1>Image 1</h1>]
14-Oct-2019 22:12:18.856 WARNING [Thread-51] org.apache.catalina.servlets.CGIServlet$CGIRunner.sendToLog stderr line: [show image here]
14-Oct-2019 22:12:18.857 WARNING [Thread-51] org.apache.catalina.servlets.CGIServlet$CGIRunner.sendToLog stderr line: [<h4>Title: </h4>]
14-Oct-2019 22:12:18.857 WARNING [Thread-51] org.apache.catalina.servlets.CGIServlet$CGIRunner.sendToLog stderr line: [img1_title+<br>]
14-Oct-2019 22:12:18.857 WARNING [Thread-51] org.apache.catalina.servlets.CGIServlet$CGIRunner.sendToLog stderr line: [img1_artist+<br>]
14-Oct-2019 22:12:18.858 WARNING [Thread-51] org.apache.catalina.servlets.CGIServlet$CGIRunner.sendToLog stderr line: [img1_year+<br>]
14-Oct-2019 22:12:18.858 WARNING [Thread-51] org.apache.catalina.servlets.CGIServlet$CGIRunner.sendToLog stderr line: [img1_des+<br>]
14-Oct-2019 22:12:18.860 WARNING [Thread-51] org.apache.catalina.servlets.CGIServlet$CGIRunner.sendToLog stderr line: [</html>]
14-Oct-2019 22:12:18.860 WARNING [Thread-51] org.apache.catalina.servlets.CGIServlet$CGIRunner.sendToLog stderr line: [""")?]
14-Oct-2019 22:12:18.861 WARNING [Thread-51] org.apache.catalina.servlets.CGIServlet$CGIRunner.sendToLog Received [15] lines on stderr
14-Oct-2019 22:51:40.362 WARNING [http-nio-8080-exec-2] org.apache.catalina.servlets.CGIServlet$CGIRunner.run I/O problems processing CGI
	java.io.IOException: The pipe has been ended
		at java.base/java.io.FileOutputStream.writeBytes(Native Method)
		at java.base/java.io.FileOutputStream.write(FileOutputStream.java:348)
		at java.base/java.io.BufferedOutputStream.flushBuffer(BufferedOutputStream.java:81)
		at java.base/java.io.BufferedOutputStream.write(BufferedOutputStream.java:122)
		at java.base/java.io.BufferedOutputStream.flushBuffer(BufferedOutputStream.java:81)
		at java.base/java.io.BufferedOutputStream.write(BufferedOutputStream.java:127)
		at org.apache.catalina.util.IOTools.flow(IOTools.java:86)
		at org.apache.catalina.servlets.CGIServlet$CGIRunner.run(CGIServlet.java:1656)
		at org.apache.catalina.servlets.CGIServlet.doGet(CGIServlet.java:618)
		at org.apache.catalina.servlets.CGIServlet.service(CGIServlet.java:581)
		at javax.servlet.http.HttpServlet.service(HttpServlet.java:741)
		at org.apache.catalina.core.ApplicationFilterChain.internalDoFilter(ApplicationFilterChain.java:231)
		at org.apache.catalina.core.ApplicationFilterChain.doFilter(ApplicationFilterChain.java:166)
		at org.apache.tomcat.websocket.server.WsFilter.doFilter(WsFilter.java:53)
		at org.apache.catalina.core.ApplicationFilterChain.internalDoFilter(ApplicationFilterChain.java:193)
		at org.apache.catalina.core.ApplicationFilterChain.doFilter(ApplicationFilterChain.java:166)
		at org.apache.catalina.core.StandardWrapperValve.invoke(StandardWrapperValve.java:202)
		at org.apache.catalina.core.StandardContextValve.invoke(StandardContextValve.java:96)
		at org.apache.catalina.authenticator.AuthenticatorBase.invoke(AuthenticatorBase.java:526)
		at org.apache.catalina.core.StandardHostValve.invoke(StandardHostValve.java:139)
		at org.apache.catalina.valves.ErrorReportValve.invoke(ErrorReportValve.java:92)
		at org.apache.catalina.valves.AbstractAccessLogValve.invoke(AbstractAccessLogValve.java:678)
		at org.apache.catalina.core.StandardEngineValve.invoke(StandardEngineValve.java:74)
		at org.apache.catalina.connector.CoyoteAdapter.service(CoyoteAdapter.java:343)
		at org.apache.coyote.http11.Http11Processor.service(Http11Processor.java:408)
		at org.apache.coyote.AbstractProcessorLight.process(AbstractProcessorLight.java:66)
		at org.apache.coyote.AbstractProtocol$ConnectionHandler.process(AbstractProtocol.java:860)
		at org.apache.tomcat.util.net.NioEndpoint$SocketProcessor.doRun(NioEndpoint.java:1589)
		at org.apache.tomcat.util.net.SocketProcessorBase.run(SocketProcessorBase.java:49)
		at java.base/java.util.concurrent.ThreadPoolExecutor.runWorker(ThreadPoolExecutor.java:1128)
		at java.base/java.util.concurrent.ThreadPoolExecutor$Worker.run(ThreadPoolExecutor.java:628)
		at org.apache.tomcat.util.threads.TaskThread$WrappingRunnable.run(TaskThread.java:61)
		at java.base/java.lang.Thread.run(Thread.java:830)
14-Oct-2019 23:02:01.847 WARNING [http-nio-8080-exec-10] org.apache.catalina.servlets.CGIServlet$CGIRunner.run I/O problems processing CGI
	java.io.IOException: The pipe has been ended
		at java.base/java.io.FileOutputStream.writeBytes(Native Method)
		at java.base/java.io.FileOutputStream.write(FileOutputStream.java:348)
		at java.base/java.io.BufferedOutputStream.flushBuffer(BufferedOutputStream.java:81)
		at java.base/java.io.BufferedOutputStream.write(BufferedOutputStream.java:122)
		at java.base/java.io.BufferedOutputStream.flushBuffer(BufferedOutputStream.java:81)
		at java.base/java.io.BufferedOutputStream.write(BufferedOutputStream.java:127)
		at org.apache.catalina.util.IOTools.flow(IOTools.java:86)
		at org.apache.catalina.servlets.CGIServlet$CGIRunner.run(CGIServlet.java:1656)
		at org.apache.catalina.servlets.CGIServlet.doGet(CGIServlet.java:618)
		at org.apache.catalina.servlets.CGIServlet.service(CGIServlet.java:581)
		at javax.servlet.http.HttpServlet.service(HttpServlet.java:741)
		at org.apache.catalina.core.ApplicationFilterChain.internalDoFilter(ApplicationFilterChain.java:231)
		at org.apache.catalina.core.ApplicationFilterChain.doFilter(ApplicationFilterChain.java:166)
		at org.apache.tomcat.websocket.server.WsFilter.doFilter(WsFilter.java:53)
		at org.apache.catalina.core.ApplicationFilterChain.internalDoFilter(ApplicationFilterChain.java:193)
		at org.apache.catalina.core.ApplicationFilterChain.doFilter(ApplicationFilterChain.java:166)
		at org.apache.catalina.core.StandardWrapperValve.invoke(StandardWrapperValve.java:202)
		at org.apache.catalina.core.StandardContextValve.invoke(StandardContextValve.java:96)
		at org.apache.catalina.authenticator.AuthenticatorBase.invoke(AuthenticatorBase.java:526)
		at org.apache.catalina.core.StandardHostValve.invoke(StandardHostValve.java:139)
		at org.apache.catalina.valves.ErrorReportValve.invoke(ErrorReportValve.java:92)
		at org.apache.catalina.valves.AbstractAccessLogValve.invoke(AbstractAccessLogValve.java:678)
		at org.apache.catalina.core.StandardEngineValve.invoke(StandardEngineValve.java:74)
		at org.apache.catalina.connector.CoyoteAdapter.service(CoyoteAdapter.java:343)
		at org.apache.coyote.http11.Http11Processor.service(Http11Processor.java:408)
		at org.apache.coyote.AbstractProcessorLight.process(AbstractProcessorLight.java:66)
		at org.apache.coyote.AbstractProtocol$ConnectionHandler.process(AbstractProtocol.java:860)
		at org.apache.tomcat.util.net.NioEndpoint$SocketProcessor.doRun(NioEndpoint.java:1589)
		at org.apache.tomcat.util.net.SocketProcessorBase.run(SocketProcessorBase.java:49)
		at java.base/java.util.concurrent.ThreadPoolExecutor.runWorker(ThreadPoolExecutor.java:1128)
		at java.base/java.util.concurrent.ThreadPoolExecutor$Worker.run(ThreadPoolExecutor.java:628)
		at org.apache.tomcat.util.threads.TaskThread$WrappingRunnable.run(TaskThread.java:61)
		at java.base/java.lang.Thread.run(Thread.java:830)
14-Oct-2019 23:02:43.749 WARNING [http-nio-8080-exec-4] org.apache.catalina.servlets.CGIServlet$CGIRunner.run I/O problems processing CGI
	java.io.IOException: The pipe has been ended
		at java.base/java.io.FileOutputStream.writeBytes(Native Method)
		at java.base/java.io.FileOutputStream.write(FileOutputStream.java:348)
		at java.base/java.io.BufferedOutputStream.flushBuffer(BufferedOutputStream.java:81)
		at java.base/java.io.BufferedOutputStream.write(BufferedOutputStream.java:122)
		at java.base/java.io.BufferedOutputStream.flushBuffer(BufferedOutputStream.java:81)
		at java.base/java.io.BufferedOutputStream.write(BufferedOutputStream.java:127)
		at org.apache.catalina.util.IOTools.flow(IOTools.java:86)
		at org.apache.catalina.servlets.CGIServlet$CGIRunner.run(CGIServlet.java:1656)
		at org.apache.catalina.servlets.CGIServlet.doGet(CGIServlet.java:618)
		at org.apache.catalina.servlets.CGIServlet.service(CGIServlet.java:581)
		at javax.servlet.http.HttpServlet.service(HttpServlet.java:741)
		at org.apache.catalina.core.ApplicationFilterChain.internalDoFilter(ApplicationFilterChain.java:231)
		at org.apache.catalina.core.ApplicationFilterChain.doFilter(ApplicationFilterChain.java:166)
		at org.apache.tomcat.websocket.server.WsFilter.doFilter(WsFilter.java:53)
		at org.apache.catalina.core.ApplicationFilterChain.internalDoFilter(ApplicationFilterChain.java:193)
		at org.apache.catalina.core.ApplicationFilterChain.doFilter(ApplicationFilterChain.java:166)
		at org.apache.catalina.core.StandardWrapperValve.invoke(StandardWrapperValve.java:202)
		at org.apache.catalina.core.StandardContextValve.invoke(StandardContextValve.java:96)
		at org.apache.catalina.authenticator.AuthenticatorBase.invoke(AuthenticatorBase.java:526)
		at org.apache.catalina.core.StandardHostValve.invoke(StandardHostValve.java:139)
		at org.apache.catalina.valves.ErrorReportValve.invoke(ErrorReportValve.java:92)
		at org.apache.catalina.valves.AbstractAccessLogValve.invoke(AbstractAccessLogValve.java:678)
		at org.apache.catalina.core.StandardEngineValve.invoke(StandardEngineValve.java:74)
		at org.apache.catalina.connector.CoyoteAdapter.service(CoyoteAdapter.java:343)
		at org.apache.coyote.http11.Http11Processor.service(Http11Processor.java:408)
		at org.apache.coyote.AbstractProcessorLight.process(AbstractProcessorLight.java:66)
		at org.apache.coyote.AbstractProtocol$ConnectionHandler.process(AbstractProtocol.java:860)
		at org.apache.tomcat.util.net.NioEndpoint$SocketProcessor.doRun(NioEndpoint.java:1589)
		at org.apache.tomcat.util.net.SocketProcessorBase.run(SocketProcessorBase.java:49)
		at java.base/java.util.concurrent.ThreadPoolExecutor.runWorker(ThreadPoolExecutor.java:1128)
		at java.base/java.util.concurrent.ThreadPoolExecutor$Worker.run(ThreadPoolExecutor.java:628)
		at org.apache.tomcat.util.threads.TaskThread$WrappingRunnable.run(TaskThread.java:61)
		at java.base/java.lang.Thread.run(Thread.java:830)
14-Oct-2019 23:03:06.097 WARNING [http-nio-8080-exec-5] org.apache.catalina.servlets.CGIServlet$CGIRunner.run I/O problems processing CGI
	java.io.IOException: The pipe has been ended
		at java.base/java.io.FileOutputStream.writeBytes(Native Method)
		at java.base/java.io.FileOutputStream.write(FileOutputStream.java:348)
		at java.base/java.io.BufferedOutputStream.flushBuffer(BufferedOutputStream.java:81)
		at java.base/java.io.BufferedOutputStream.write(BufferedOutputStream.java:122)
		at java.base/java.io.BufferedOutputStream.flushBuffer(BufferedOutputStream.java:81)
		at java.base/java.io.BufferedOutputStream.write(BufferedOutputStream.java:127)
		at org.apache.catalina.util.IOTools.flow(IOTools.java:86)
		at org.apache.catalina.servlets.CGIServlet$CGIRunner.run(CGIServlet.java:1656)
		at org.apache.catalina.servlets.CGIServlet.doGet(CGIServlet.java:618)
		at org.apache.catalina.servlets.CGIServlet.service(CGIServlet.java:581)
		at javax.servlet.http.HttpServlet.service(HttpServlet.java:741)
		at org.apache.catalina.core.ApplicationFilterChain.internalDoFilter(ApplicationFilterChain.java:231)
		at org.apache.catalina.core.ApplicationFilterChain.doFilter(ApplicationFilterChain.java:166)
		at org.apache.tomcat.websocket.server.WsFilter.doFilter(WsFilter.java:53)
		at org.apache.catalina.core.ApplicationFilterChain.internalDoFilter(ApplicationFilterChain.java:193)
		at org.apache.catalina.core.ApplicationFilterChain.doFilter(ApplicationFilterChain.java:166)
		at org.apache.catalina.core.StandardWrapperValve.invoke(StandardWrapperValve.java:202)
		at org.apache.catalina.core.StandardContextValve.invoke(StandardContextValve.java:96)
		at org.apache.catalina.authenticator.AuthenticatorBase.invoke(AuthenticatorBase.java:526)
		at org.apache.catalina.core.StandardHostValve.invoke(StandardHostValve.java:139)
		at org.apache.catalina.valves.ErrorReportValve.invoke(ErrorReportValve.java:92)
		at org.apache.catalina.valves.AbstractAccessLogValve.invoke(AbstractAccessLogValve.java:678)
		at org.apache.catalina.core.StandardEngineValve.invoke(StandardEngineValve.java:74)
		at org.apache.catalina.connector.CoyoteAdapter.service(CoyoteAdapter.java:343)
		at org.apache.coyote.http11.Http11Processor.service(Http11Processor.java:408)
		at org.apache.coyote.AbstractProcessorLight.process(AbstractProcessorLight.java:66)
		at org.apache.coyote.AbstractProtocol$ConnectionHandler.process(AbstractProtocol.java:860)
		at org.apache.tomcat.util.net.NioEndpoint$SocketProcessor.doRun(NioEndpoint.java:1589)
		at org.apache.tomcat.util.net.SocketProcessorBase.run(SocketProcessorBase.java:49)
		at java.base/java.util.concurrent.ThreadPoolExecutor.runWorker(ThreadPoolExecutor.java:1128)
		at java.base/java.util.concurrent.ThreadPoolExecutor$Worker.run(ThreadPoolExecutor.java:628)
		at org.apache.tomcat.util.threads.TaskThread$WrappingRunnable.run(TaskThread.java:61)
		at java.base/java.lang.Thread.run(Thread.java:830)
14-Oct-2019 23:03:11.059 WARNING [http-nio-8080-exec-8] org.apache.catalina.servlets.CGIServlet$CGIRunner.run I/O problems processing CGI
	java.io.IOException: The pipe has been ended
		at java.base/java.io.FileOutputStream.writeBytes(Native Method)
		at java.base/java.io.FileOutputStream.write(FileOutputStream.java:348)
		at java.base/java.io.BufferedOutputStream.flushBuffer(BufferedOutputStream.java:81)
		at java.base/java.io.BufferedOutputStream.write(BufferedOutputStream.java:122)
		at java.base/java.io.BufferedOutputStream.flushBuffer(BufferedOutputStream.java:81)
		at java.base/java.io.BufferedOutputStream.write(BufferedOutputStream.java:127)
		at org.apache.catalina.util.IOTools.flow(IOTools.java:86)
		at org.apache.catalina.servlets.CGIServlet$CGIRunner.run(CGIServlet.java:1656)
		at org.apache.catalina.servlets.CGIServlet.doGet(CGIServlet.java:618)
		at org.apache.catalina.servlets.CGIServlet.service(CGIServlet.java:581)
		at javax.servlet.http.HttpServlet.service(HttpServlet.java:741)
		at org.apache.catalina.core.ApplicationFilterChain.internalDoFilter(ApplicationFilterChain.java:231)
		at org.apache.catalina.core.ApplicationFilterChain.doFilter(ApplicationFilterChain.java:166)
		at org.apache.tomcat.websocket.server.WsFilter.doFilter(WsFilter.java:53)
		at org.apache.catalina.core.ApplicationFilterChain.internalDoFilter(ApplicationFilterChain.java:193)
		at org.apache.catalina.core.ApplicationFilterChain.doFilter(ApplicationFilterChain.java:166)
		at org.apache.catalina.core.StandardWrapperValve.invoke(StandardWrapperValve.java:202)
		at org.apache.catalina.core.StandardContextValve.invoke(StandardContextValve.java:96)
		at org.apache.catalina.authenticator.AuthenticatorBase.invoke(AuthenticatorBase.java:526)
		at org.apache.catalina.core.StandardHostValve.invoke(StandardHostValve.java:139)
		at org.apache.catalina.valves.ErrorReportValve.invoke(ErrorReportValve.java:92)
		at org.apache.catalina.valves.AbstractAccessLogValve.invoke(AbstractAccessLogValve.java:678)
		at org.apache.catalina.core.StandardEngineValve.invoke(StandardEngineValve.java:74)
		at org.apache.catalina.connector.CoyoteAdapter.service(CoyoteAdapter.java:343)
		at org.apache.coyote.http11.Http11Processor.service(Http11Processor.java:408)
		at org.apache.coyote.AbstractProcessorLight.process(AbstractProcessorLight.java:66)
		at org.apache.coyote.AbstractProtocol$ConnectionHandler.process(AbstractProtocol.java:860)
		at org.apache.tomcat.util.net.NioEndpoint$SocketProcessor.doRun(NioEndpoint.java:1589)
		at org.apache.tomcat.util.net.SocketProcessorBase.run(SocketProcessorBase.java:49)
		at java.base/java.util.concurrent.ThreadPoolExecutor.runWorker(ThreadPoolExecutor.java:1128)
		at java.base/java.util.concurrent.ThreadPoolExecutor$Worker.run(ThreadPoolExecutor.java:628)
		at org.apache.tomcat.util.threads.TaskThread$WrappingRunnable.run(TaskThread.java:61)
		at java.base/java.lang.Thread.run(Thread.java:830)
14-Oct-2019 23:04:08.569 WARNING [http-nio-8080-exec-1] org.apache.catalina.servlets.CGIServlet$CGIRunner.run I/O problems processing CGI
	java.io.IOException: The pipe has been ended
		at java.base/java.io.FileOutputStream.writeBytes(Native Method)
		at java.base/java.io.FileOutputStream.write(FileOutputStream.java:348)
		at java.base/java.io.BufferedOutputStream.flushBuffer(BufferedOutputStream.java:81)
		at java.base/java.io.BufferedOutputStream.write(BufferedOutputStream.java:122)
		at java.base/java.io.BufferedOutputStream.flushBuffer(BufferedOutputStream.java:81)
		at java.base/java.io.BufferedOutputStream.write(BufferedOutputStream.java:127)
		at org.apache.catalina.util.IOTools.flow(IOTools.java:86)
		at org.apache.catalina.servlets.CGIServlet$CGIRunner.run(CGIServlet.java:1656)
		at org.apache.catalina.servlets.CGIServlet.doGet(CGIServlet.java:618)
		at org.apache.catalina.servlets.CGIServlet.service(CGIServlet.java:581)
		at javax.servlet.http.HttpServlet.service(HttpServlet.java:741)
		at org.apache.catalina.core.ApplicationFilterChain.internalDoFilter(ApplicationFilterChain.java:231)
		at org.apache.catalina.core.ApplicationFilterChain.doFilter(ApplicationFilterChain.java:166)
		at org.apache.tomcat.websocket.server.WsFilter.doFilter(WsFilter.java:53)
		at org.apache.catalina.core.ApplicationFilterChain.internalDoFilter(ApplicationFilterChain.java:193)
		at org.apache.catalina.core.ApplicationFilterChain.doFilter(ApplicationFilterChain.java:166)
		at org.apache.catalina.core.StandardWrapperValve.invoke(StandardWrapperValve.java:202)
		at org.apache.catalina.core.StandardContextValve.invoke(StandardContextValve.java:96)
		at org.apache.catalina.authenticator.AuthenticatorBase.invoke(AuthenticatorBase.java:526)
		at org.apache.catalina.core.StandardHostValve.invoke(StandardHostValve.java:139)
		at org.apache.catalina.valves.ErrorReportValve.invoke(ErrorReportValve.java:92)
		at org.apache.catalina.valves.AbstractAccessLogValve.invoke(AbstractAccessLogValve.java:678)
		at org.apache.catalina.core.StandardEngineValve.invoke(StandardEngineValve.java:74)
		at org.apache.catalina.connector.CoyoteAdapter.service(CoyoteAdapter.java:343)
		at org.apache.coyote.http11.Http11Processor.service(Http11Processor.java:408)
		at org.apache.coyote.AbstractProcessorLight.process(AbstractProcessorLight.java:66)
		at org.apache.coyote.AbstractProtocol$ConnectionHandler.process(AbstractProtocol.java:860)
		at org.apache.tomcat.util.net.NioEndpoint$SocketProcessor.doRun(NioEndpoint.java:1589)
		at org.apache.tomcat.util.net.SocketProcessorBase.run(SocketProcessorBase.java:49)
		at java.base/java.util.concurrent.ThreadPoolExecutor.runWorker(ThreadPoolExecutor.java:1128)
		at java.base/java.util.concurrent.ThreadPoolExecutor$Worker.run(ThreadPoolExecutor.java:628)
		at org.apache.tomcat.util.threads.TaskThread$WrappingRunnable.run(TaskThread.java:61)
		at java.base/java.lang.Thread.run(Thread.java:830)
14-Oct-2019 23:04:16.459 WARNING [http-nio-8080-exec-6] org.apache.catalina.servlets.CGIServlet$CGIRunner.run I/O problems processing CGI
	java.io.IOException: The pipe has been ended
		at java.base/java.io.FileOutputStream.writeBytes(Native Method)
		at java.base/java.io.FileOutputStream.write(FileOutputStream.java:348)
		at java.base/java.io.BufferedOutputStream.flushBuffer(BufferedOutputStream.java:81)
		at java.base/java.io.BufferedOutputStream.write(BufferedOutputStream.java:122)
		at java.base/java.io.BufferedOutputStream.flushBuffer(BufferedOutputStream.java:81)
		at java.base/java.io.BufferedOutputStream.write(BufferedOutputStream.java:127)
		at org.apache.catalina.util.IOTools.flow(IOTools.java:86)
		at org.apache.catalina.servlets.CGIServlet$CGIRunner.run(CGIServlet.java:1656)
		at org.apache.catalina.servlets.CGIServlet.doGet(CGIServlet.java:618)
		at org.apache.catalina.servlets.CGIServlet.service(CGIServlet.java:581)
		at javax.servlet.http.HttpServlet.service(HttpServlet.java:741)
		at org.apache.catalina.core.ApplicationFilterChain.internalDoFilter(ApplicationFilterChain.java:231)
		at org.apache.catalina.core.ApplicationFilterChain.doFilter(ApplicationFilterChain.java:166)
		at org.apache.tomcat.websocket.server.WsFilter.doFilter(WsFilter.java:53)
		at org.apache.catalina.core.ApplicationFilterChain.internalDoFilter(ApplicationFilterChain.java:193)
		at org.apache.catalina.core.ApplicationFilterChain.doFilter(ApplicationFilterChain.java:166)
		at org.apache.catalina.core.StandardWrapperValve.invoke(StandardWrapperValve.java:202)
		at org.apache.catalina.core.StandardContextValve.invoke(StandardContextValve.java:96)
		at org.apache.catalina.authenticator.AuthenticatorBase.invoke(AuthenticatorBase.java:526)
		at org.apache.catalina.core.StandardHostValve.invoke(StandardHostValve.java:139)
		at org.apache.catalina.valves.ErrorReportValve.invoke(ErrorReportValve.java:92)
		at org.apache.catalina.valves.AbstractAccessLogValve.invoke(AbstractAccessLogValve.java:678)
		at org.apache.catalina.core.StandardEngineValve.invoke(StandardEngineValve.java:74)
		at org.apache.catalina.connector.CoyoteAdapter.service(CoyoteAdapter.java:343)
		at org.apache.coyote.http11.Http11Processor.service(Http11Processor.java:408)
		at org.apache.coyote.AbstractProcessorLight.process(AbstractProcessorLight.java:66)
		at org.apache.coyote.AbstractProtocol$ConnectionHandler.process(AbstractProtocol.java:860)
		at org.apache.tomcat.util.net.NioEndpoint$SocketProcessor.doRun(NioEndpoint.java:1589)
		at org.apache.tomcat.util.net.SocketProcessorBase.run(SocketProcessorBase.java:49)
		at java.base/java.util.concurrent.ThreadPoolExecutor.runWorker(ThreadPoolExecutor.java:1128)
		at java.base/java.util.concurrent.ThreadPoolExecutor$Worker.run(ThreadPoolExecutor.java:628)
		at org.apache.tomcat.util.threads.TaskThread$WrappingRunnable.run(TaskThread.java:61)
		at java.base/java.lang.Thread.run(Thread.java:830)
14-Oct-2019 23:04:50.664 WARNING [http-nio-8080-exec-5] org.apache.catalina.servlets.CGIServlet$CGIRunner.run I/O problems processing CGI
	java.io.IOException: The pipe has been ended
		at java.base/java.io.FileOutputStream.writeBytes(Native Method)
		at java.base/java.io.FileOutputStream.write(FileOutputStream.java:348)
		at java.base/java.io.BufferedOutputStream.flushBuffer(BufferedOutputStream.java:81)
		at java.base/java.io.BufferedOutputStream.write(BufferedOutputStream.java:122)
		at java.base/java.io.BufferedOutputStream.flushBuffer(BufferedOutputStream.java:81)
		at java.base/java.io.BufferedOutputStream.write(BufferedOutputStream.java:127)
		at org.apache.catalina.util.IOTools.flow(IOTools.java:86)
		at org.apache.catalina.servlets.CGIServlet$CGIRunner.run(CGIServlet.java:1656)
		at org.apache.catalina.servlets.CGIServlet.doGet(CGIServlet.java:618)
		at org.apache.catalina.servlets.CGIServlet.service(CGIServlet.java:581)
		at javax.servlet.http.HttpServlet.service(HttpServlet.java:741)
		at org.apache.catalina.core.ApplicationFilterChain.internalDoFilter(ApplicationFilterChain.java:231)
		at org.apache.catalina.core.ApplicationFilterChain.doFilter(ApplicationFilterChain.java:166)
		at org.apache.tomcat.websocket.server.WsFilter.doFilter(WsFilter.java:53)
		at org.apache.catalina.core.ApplicationFilterChain.internalDoFilter(ApplicationFilterChain.java:193)
		at org.apache.catalina.core.ApplicationFilterChain.doFilter(ApplicationFilterChain.java:166)
		at org.apache.catalina.core.StandardWrapperValve.invoke(StandardWrapperValve.java:202)
		at org.apache.catalina.core.StandardContextValve.invoke(StandardContextValve.java:96)
		at org.apache.catalina.authenticator.AuthenticatorBase.invoke(AuthenticatorBase.java:526)
		at org.apache.catalina.core.StandardHostValve.invoke(StandardHostValve.java:139)
		at org.apache.catalina.valves.ErrorReportValve.invoke(ErrorReportValve.java:92)
		at org.apache.catalina.valves.AbstractAccessLogValve.invoke(AbstractAccessLogValve.java:678)
		at org.apache.catalina.core.StandardEngineValve.invoke(StandardEngineValve.java:74)
		at org.apache.catalina.connector.CoyoteAdapter.service(CoyoteAdapter.java:343)
		at org.apache.coyote.http11.Http11Processor.service(Http11Processor.java:408)
		at org.apache.coyote.AbstractProcessorLight.process(AbstractProcessorLight.java:66)
		at org.apache.coyote.AbstractProtocol$ConnectionHandler.process(AbstractProtocol.java:860)
		at org.apache.tomcat.util.net.NioEndpoint$SocketProcessor.doRun(NioEndpoint.java:1589)
		at org.apache.tomcat.util.net.SocketProcessorBase.run(SocketProcessorBase.java:49)
		at java.base/java.util.concurrent.ThreadPoolExecutor.runWorker(ThreadPoolExecutor.java:1128)
		at java.base/java.util.concurrent.ThreadPoolExecutor$Worker.run(ThreadPoolExecutor.java:628)
		at org.apache.tomcat.util.threads.TaskThread$WrappingRunnable.run(TaskThread.java:61)
		at java.base/java.lang.Thread.run(Thread.java:830)
14-Oct-2019 23:04:56.425 WARNING [Thread-74] org.apache.catalina.servlets.CGIServlet$CGIRunner.sendToLog stderr line: [  File "C:\Users\hayde\Desktop\UCI\Fall 2019\EECS 118\MP2\apache-tomcat-9.0.26\webapps\test\WEB-INF\cgi\project_2_page2.py", line 5]
14-Oct-2019 23:04:56.425 WARNING [Thread-74] org.apache.catalina.servlets.CGIServlet$CGIRunner.sendToLog stderr line: [    dest = 'C:\Users\hayde\Desktop\UCI\Fall 2019\EECS 118\MP2\apache-tomcat-9.0.26\webapps\test\WEB-INF\cgi']
14-Oct-2019 23:04:56.426 WARNING [Thread-74] org.apache.catalina.servlets.CGIServlet$CGIRunner.sendToLog stderr line: [          ^]
14-Oct-2019 23:04:56.426 WARNING [Thread-74] org.apache.catalina.servlets.CGIServlet$CGIRunner.sendToLog stderr line: [SyntaxError: (unicode error) 'unicodeescape' codec can't decode bytes in position 2-3: truncated \UXXXXXXXX escape]
14-Oct-2019 23:04:56.428 WARNING [Thread-74] org.apache.catalina.servlets.CGIServlet$CGIRunner.sendToLog Received [4] lines on stderr
14-Oct-2019 23:05:05.221 WARNING [Thread-75] org.apache.catalina.servlets.CGIServlet$CGIRunner.sendToLog stderr line: [  File "C:\Users\hayde\Desktop\UCI\Fall 2019\EECS 118\MP2\apache-tomcat-9.0.26\webapps\test\WEB-INF\cgi\project_2_page2.py", line 5]
14-Oct-2019 23:05:05.221 WARNING [Thread-75] org.apache.catalina.servlets.CGIServlet$CGIRunner.sendToLog stderr line: [    dest = 'C:\Users\hayde\Desktop\UCI\Fall 2019\EECS 118\MP2\apache-tomcat-9.0.26\webapps\test\WEB-INF\cgi']
14-Oct-2019 23:05:05.222 WARNING [Thread-75] org.apache.catalina.servlets.CGIServlet$CGIRunner.sendToLog stderr line: [          ^]
14-Oct-2019 23:05:05.222 WARNING [Thread-75] org.apache.catalina.servlets.CGIServlet$CGIRunner.sendToLog stderr line: [SyntaxError: (unicode error) 'unicodeescape' codec can't decode bytes in position 2-3: truncated \UXXXXXXXX escape]
14-Oct-2019 23:05:05.225 WARNING [Thread-75] org.apache.catalina.servlets.CGIServlet$CGIRunner.sendToLog Received [4] lines on stderr
14-Oct-2019 23:05:42.657 WARNING [Thread-76] org.apache.catalina.servlets.CGIServlet$CGIRunner.sendToLog stderr line: [  File "C:\Users\hayde\Desktop\UCI\Fall 2019\EECS 118\MP2\apache-tomcat-9.0.26\webapps\test\WEB-INF\cgi\project_2_page2.py", line 5]
14-Oct-2019 23:05:42.657 WARNING [Thread-76] org.apache.catalina.servlets.CGIServlet$CGIRunner.sendToLog stderr line: [    dest = 'C:\Users\hayde\Desktop\UCI\Fall 2019\EECS 118\MP2\apache-tomcat-9.0.26\webapps\test\WEB-INF\cgi']
14-Oct-2019 23:05:42.658 WARNING [Thread-76] org.apache.catalina.servlets.CGIServlet$CGIRunner.sendToLog stderr line: [          ^]
14-Oct-2019 23:05:42.658 WARNING [Thread-76] org.apache.catalina.servlets.CGIServlet$CGIRunner.sendToLog stderr line: [SyntaxError: (unicode error) 'unicodeescape' codec can't decode bytes in position 2-3: truncated \UXXXXXXXX escape]
14-Oct-2019 23:05:42.660 WARNING [Thread-76] org.apache.catalina.servlets.CGIServlet$CGIRunner.sendToLog Received [4] lines on stderr
14-Oct-2019 23:07:43.998 WARNING [Thread-78] org.apache.catalina.servlets.CGIServlet$CGIRunner.sendToLog stderr line: [  File "C:\Users\hayde\Desktop\UCI\Fall 2019\EECS 118\MP2\apache-tomcat-9.0.26\webapps\test\WEB-INF\cgi\project_2_page2.py", line 5]
14-Oct-2019 23:07:43.998 WARNING [Thread-78] org.apache.catalina.servlets.CGIServlet$CGIRunner.sendToLog stderr line: [    dest = 'C:\Users\hayde\Desktop\UCI\Fall 2019\EECS 118\MP2\apache-tomcat-9.0.26\webapps\test\WEB-INF\cgi']
14-Oct-2019 23:07:43.999 WARNING [Thread-78] org.apache.catalina.servlets.CGIServlet$CGIRunner.sendToLog stderr line: [          ^]
14-Oct-2019 23:07:43.999 WARNING [Thread-78] org.apache.catalina.servlets.CGIServlet$CGIRunner.sendToLog stderr line: [SyntaxError: (unicode error) 'unicodeescape' codec can't decode bytes in position 2-3: truncated \UXXXXXXXX escape]
14-Oct-2019 23:07:44.001 WARNING [Thread-78] org.apache.catalina.servlets.CGIServlet$CGIRunner.sendToLog Received [4] lines on stderr
14-Oct-2019 23:07:49.185 WARNING [Thread-79] org.apache.catalina.servlets.CGIServlet$CGIRunner.sendToLog stderr line: [  File "C:\Users\hayde\Desktop\UCI\Fall 2019\EECS 118\MP2\apache-tomcat-9.0.26\webapps\test\WEB-INF\cgi\project_2_page2.py", line 5]
14-Oct-2019 23:07:49.185 WARNING [Thread-79] org.apache.catalina.servlets.CGIServlet$CGIRunner.sendToLog stderr line: [    dest = 'C:\Users\hayde\Desktop\UCI\Fall 2019\EECS 118\MP2\apache-tomcat-9.0.26\webapps\test\WEB-INF\cgi']
14-Oct-2019 23:07:49.186 WARNING [Thread-79] org.apache.catalina.servlets.CGIServlet$CGIRunner.sendToLog stderr line: [          ^]
14-Oct-2019 23:07:49.186 WARNING [Thread-79] org.apache.catalina.servlets.CGIServlet$CGIRunner.sendToLog stderr line: [SyntaxError: (unicode error) 'unicodeescape' codec can't decode bytes in position 2-3: truncated \UXXXXXXXX escape]
14-Oct-2019 23:07:49.188 WARNING [Thread-79] org.apache.catalina.servlets.CGIServlet$CGIRunner.sendToLog Received [4] lines on stderr
14-Oct-2019 23:45:31.546 WARNING [http-nio-8080-exec-3] org.apache.catalina.servlets.CGIServlet$CGIRunner.run I/O problems processing CGI
	java.io.IOException: The pipe has been ended
		at java.base/java.io.FileOutputStream.writeBytes(Native Method)
		at java.base/java.io.FileOutputStream.write(FileOutputStream.java:348)
		at java.base/java.io.BufferedOutputStream.flushBuffer(BufferedOutputStream.java:81)
		at java.base/java.io.BufferedOutputStream.write(BufferedOutputStream.java:122)
		at java.base/java.io.BufferedOutputStream.flushBuffer(BufferedOutputStream.java:81)
		at java.base/java.io.BufferedOutputStream.write(BufferedOutputStream.java:127)
		at org.apache.catalina.util.IOTools.flow(IOTools.java:86)
		at org.apache.catalina.servlets.CGIServlet$CGIRunner.run(CGIServlet.java:1656)
		at org.apache.catalina.servlets.CGIServlet.doGet(CGIServlet.java:618)
		at org.apache.catalina.servlets.CGIServlet.service(CGIServlet.java:581)
		at javax.servlet.http.HttpServlet.service(HttpServlet.java:741)
		at org.apache.catalina.core.ApplicationFilterChain.internalDoFilter(ApplicationFilterChain.java:231)
		at org.apache.catalina.core.ApplicationFilterChain.doFilter(ApplicationFilterChain.java:166)
		at org.apache.tomcat.websocket.server.WsFilter.doFilter(WsFilter.java:53)
		at org.apache.catalina.core.ApplicationFilterChain.internalDoFilter(ApplicationFilterChain.java:193)
		at org.apache.catalina.core.ApplicationFilterChain.doFilter(ApplicationFilterChain.java:166)
		at org.apache.catalina.core.StandardWrapperValve.invoke(StandardWrapperValve.java:202)
		at org.apache.catalina.core.StandardContextValve.invoke(StandardContextValve.java:96)
		at org.apache.catalina.authenticator.AuthenticatorBase.invoke(AuthenticatorBase.java:526)
		at org.apache.catalina.core.StandardHostValve.invoke(StandardHostValve.java:139)
		at org.apache.catalina.valves.ErrorReportValve.invoke(ErrorReportValve.java:92)
		at org.apache.catalina.valves.AbstractAccessLogValve.invoke(AbstractAccessLogValve.java:678)
		at org.apache.catalina.core.StandardEngineValve.invoke(StandardEngineValve.java:74)
		at org.apache.catalina.connector.CoyoteAdapter.service(CoyoteAdapter.java:343)
		at org.apache.coyote.http11.Http11Processor.service(Http11Processor.java:408)
		at org.apache.coyote.AbstractProcessorLight.process(AbstractProcessorLight.java:66)
		at org.apache.coyote.AbstractProtocol$ConnectionHandler.process(AbstractProtocol.java:860)
		at org.apache.tomcat.util.net.NioEndpoint$SocketProcessor.doRun(NioEndpoint.java:1589)
		at org.apache.tomcat.util.net.SocketProcessorBase.run(SocketProcessorBase.java:49)
		at java.base/java.util.concurrent.ThreadPoolExecutor.runWorker(ThreadPoolExecutor.java:1128)
		at java.base/java.util.concurrent.ThreadPoolExecutor$Worker.run(ThreadPoolExecutor.java:628)
		at org.apache.tomcat.util.threads.TaskThread$WrappingRunnable.run(TaskThread.java:61)
		at java.base/java.lang.Thread.run(Thread.java:830)
14-Oct-2019 23:46:06.355 WARNING [http-nio-8080-exec-8] org.apache.catalina.servlets.CGIServlet$CGIRunner.run I/O problems processing CGI
	java.io.IOException: The pipe has been ended
		at java.base/java.io.FileOutputStream.writeBytes(Native Method)
		at java.base/java.io.FileOutputStream.write(FileOutputStream.java:348)
		at java.base/java.io.BufferedOutputStream.flushBuffer(BufferedOutputStream.java:81)
		at java.base/java.io.BufferedOutputStream.write(BufferedOutputStream.java:122)
		at java.base/java.io.BufferedOutputStream.flushBuffer(BufferedOutputStream.java:81)
		at java.base/java.io.BufferedOutputStream.write(BufferedOutputStream.java:127)
		at org.apache.catalina.util.IOTools.flow(IOTools.java:86)
		at org.apache.catalina.servlets.CGIServlet$CGIRunner.run(CGIServlet.java:1656)
		at org.apache.catalina.servlets.CGIServlet.doGet(CGIServlet.java:618)
		at org.apache.catalina.servlets.CGIServlet.service(CGIServlet.java:581)
		at javax.servlet.http.HttpServlet.service(HttpServlet.java:741)
		at org.apache.catalina.core.ApplicationFilterChain.internalDoFilter(ApplicationFilterChain.java:231)
		at org.apache.catalina.core.ApplicationFilterChain.doFilter(ApplicationFilterChain.java:166)
		at org.apache.tomcat.websocket.server.WsFilter.doFilter(WsFilter.java:53)
		at org.apache.catalina.core.ApplicationFilterChain.internalDoFilter(ApplicationFilterChain.java:193)
		at org.apache.catalina.core.ApplicationFilterChain.doFilter(ApplicationFilterChain.java:166)
		at org.apache.catalina.core.StandardWrapperValve.invoke(StandardWrapperValve.java:202)
		at org.apache.catalina.core.StandardContextValve.invoke(StandardContextValve.java:96)
		at org.apache.catalina.authenticator.AuthenticatorBase.invoke(AuthenticatorBase.java:526)
		at org.apache.catalina.core.StandardHostValve.invoke(StandardHostValve.java:139)
		at org.apache.catalina.valves.ErrorReportValve.invoke(ErrorReportValve.java:92)
		at org.apache.catalina.valves.AbstractAccessLogValve.invoke(AbstractAccessLogValve.java:678)
		at org.apache.catalina.core.StandardEngineValve.invoke(StandardEngineValve.java:74)
		at org.apache.catalina.connector.CoyoteAdapter.service(CoyoteAdapter.java:343)
		at org.apache.coyote.http11.Http11Processor.service(Http11Processor.java:408)
		at org.apache.coyote.AbstractProcessorLight.process(AbstractProcessorLight.java:66)
		at org.apache.coyote.AbstractProtocol$ConnectionHandler.process(AbstractProtocol.java:860)
		at org.apache.tomcat.util.net.NioEndpoint$SocketProcessor.doRun(NioEndpoint.java:1589)
		at org.apache.tomcat.util.net.SocketProcessorBase.run(SocketProcessorBase.java:49)
		at java.base/java.util.concurrent.ThreadPoolExecutor.runWorker(ThreadPoolExecutor.java:1128)
		at java.base/java.util.concurrent.ThreadPoolExecutor$Worker.run(ThreadPoolExecutor.java:628)
		at org.apache.tomcat.util.threads.TaskThread$WrappingRunnable.run(TaskThread.java:61)
		at java.base/java.lang.Thread.run(Thread.java:830)
