19-Oct-2019 20:47:30.829 INFO [main] org.apache.catalina.startup.VersionLoggerListener.log Server version name:   Apache Tomcat/9.0.26
19-Oct-2019 20:47:30.835 INFO [main] org.apache.catalina.startup.VersionLoggerListener.log Server built:          Sep 16 2019 15:51:39 UTC
19-Oct-2019 20:47:30.837 INFO [main] org.apache.catalina.startup.VersionLoggerListener.log Server version number: 9.0.26.0
19-Oct-2019 20:47:30.837 INFO [main] org.apache.catalina.startup.VersionLoggerListener.log OS Name:               Windows 10
19-Oct-2019 20:47:30.837 INFO [main] org.apache.catalina.startup.VersionLoggerListener.log OS Version:            10.0
19-Oct-2019 20:47:30.838 INFO [main] org.apache.catalina.startup.VersionLoggerListener.log Architecture:          amd64
19-Oct-2019 20:47:30.838 INFO [main] org.apache.catalina.startup.VersionLoggerListener.log Java Home:             C:\Program Files\Java\jdk-13
19-Oct-2019 20:47:30.839 INFO [main] org.apache.catalina.startup.VersionLoggerListener.log JVM Version:           13+33
19-Oct-2019 20:47:30.839 INFO [main] org.apache.catalina.startup.VersionLoggerListener.log JVM Vendor:            Oracle Corporation
19-Oct-2019 20:47:30.840 INFO [main] org.apache.catalina.startup.VersionLoggerListener.log CATALINA_BASE:         C:\Users\hayde\Desktop\UCI\Fall 2019\EECS 118\MP2\apache-tomcat-9.0.26
19-Oct-2019 20:47:30.840 INFO [main] org.apache.catalina.startup.VersionLoggerListener.log CATALINA_HOME:         C:\Users\hayde\Desktop\UCI\Fall 2019\EECS 118\MP2\apache-tomcat-9.0.26
19-Oct-2019 20:47:30.919 INFO [main] org.apache.catalina.startup.VersionLoggerListener.log Command line argument: --add-opens=java.base/java.lang=ALL-UNNAMED
19-Oct-2019 20:47:30.920 INFO [main] org.apache.catalina.startup.VersionLoggerListener.log Command line argument: --add-opens=java.base/java.io=ALL-UNNAMED
19-Oct-2019 20:47:30.920 INFO [main] org.apache.catalina.startup.VersionLoggerListener.log Command line argument: --add-opens=java.rmi/sun.rmi.transport=ALL-UNNAMED
19-Oct-2019 20:47:30.921 INFO [main] org.apache.catalina.startup.VersionLoggerListener.log Command line argument: -Djava.util.logging.config.file=C:\Users\hayde\Desktop\UCI\Fall 2019\EECS 118\MP2\apache-tomcat-9.0.26\conf\logging.properties
19-Oct-2019 20:47:30.921 INFO [main] org.apache.catalina.startup.VersionLoggerListener.log Command line argument: -Djava.util.logging.manager=org.apache.juli.ClassLoaderLogManager
19-Oct-2019 20:47:30.922 INFO [main] org.apache.catalina.startup.VersionLoggerListener.log Command line argument: -Djdk.tls.ephemeralDHKeySize=2048
19-Oct-2019 20:47:30.923 INFO [main] org.apache.catalina.startup.VersionLoggerListener.log Command line argument: -Djava.protocol.handler.pkgs=org.apache.catalina.webresources
19-Oct-2019 20:47:30.924 INFO [main] org.apache.catalina.startup.VersionLoggerListener.log Command line argument: -Dignore.endorsed.dirs=
19-Oct-2019 20:47:30.926 INFO [main] org.apache.catalina.startup.VersionLoggerListener.log Command line argument: -Dcatalina.base=C:\Users\hayde\Desktop\UCI\Fall 2019\EECS 118\MP2\apache-tomcat-9.0.26
19-Oct-2019 20:47:30.926 INFO [main] org.apache.catalina.startup.VersionLoggerListener.log Command line argument: -Dcatalina.home=C:\Users\hayde\Desktop\UCI\Fall 2019\EECS 118\MP2\apache-tomcat-9.0.26
19-Oct-2019 20:47:30.928 INFO [main] org.apache.catalina.startup.VersionLoggerListener.log Command line argument: -Djava.io.tmpdir=C:\Users\hayde\Desktop\UCI\Fall 2019\EECS 118\MP2\apache-tomcat-9.0.26\temp
19-Oct-2019 20:47:30.929 INFO [main] org.apache.catalina.core.AprLifecycleListener.lifecycleEvent Loaded APR based Apache Tomcat Native library [1.2.23] using APR version [1.7.0].
19-Oct-2019 20:47:30.930 INFO [main] org.apache.catalina.core.AprLifecycleListener.lifecycleEvent APR capabilities: IPv6 [true], sendfile [true], accept filters [false], random [true].
19-Oct-2019 20:47:30.931 INFO [main] org.apache.catalina.core.AprLifecycleListener.lifecycleEvent APR/OpenSSL configuration: useAprConnector [false], useOpenSSL [true]
19-Oct-2019 20:47:30.944 INFO [main] org.apache.catalina.core.AprLifecycleListener.initializeSSL OpenSSL successfully initialized [OpenSSL 1.1.1c  28 May 2019]
19-Oct-2019 20:47:31.404 INFO [main] org.apache.coyote.AbstractProtocol.init Initializing ProtocolHandler ["http-nio-8080"]
19-Oct-2019 20:47:32.183 INFO [main] org.apache.coyote.AbstractProtocol.init Initializing ProtocolHandler ["ajp-nio-8009"]
19-Oct-2019 20:47:32.190 INFO [main] org.apache.catalina.startup.Catalina.load Server initialization in [1,891] milliseconds
19-Oct-2019 20:47:32.287 INFO [main] org.apache.catalina.core.StandardService.startInternal Starting service [Catalina]
19-Oct-2019 20:47:32.289 INFO [main] org.apache.catalina.core.StandardEngine.startInternal Starting Servlet engine: [Apache Tomcat/9.0.26]
19-Oct-2019 20:47:32.313 INFO [main] org.apache.catalina.startup.HostConfig.deployDirectory Deploying web application directory [C:\Users\hayde\Desktop\UCI\Fall 2019\EECS 118\MP2\apache-tomcat-9.0.26\webapps\docs]
19-Oct-2019 20:47:33.112 WARNING [main] org.apache.catalina.util.SessionIdGeneratorBase.createSecureRandom Creation of SecureRandom instance for session ID generation using [SHA1PRNG] took [405] milliseconds.
19-Oct-2019 20:47:33.182 INFO [main] org.apache.catalina.startup.HostConfig.deployDirectory Deployment of web application directory [C:\Users\hayde\Desktop\UCI\Fall 2019\EECS 118\MP2\apache-tomcat-9.0.26\webapps\docs] has finished in [869] ms
19-Oct-2019 20:47:33.184 INFO [main] org.apache.catalina.startup.HostConfig.deployDirectory Deploying web application directory [C:\Users\hayde\Desktop\UCI\Fall 2019\EECS 118\MP2\apache-tomcat-9.0.26\webapps\examples]
19-Oct-2019 20:47:36.941 INFO [main] org.apache.catalina.startup.HostConfig.deployDirectory Deployment of web application directory [C:\Users\hayde\Desktop\UCI\Fall 2019\EECS 118\MP2\apache-tomcat-9.0.26\webapps\examples] has finished in [3,757] ms
19-Oct-2019 20:47:36.942 INFO [main] org.apache.catalina.startup.HostConfig.deployDirectory Deploying web application directory [C:\Users\hayde\Desktop\UCI\Fall 2019\EECS 118\MP2\apache-tomcat-9.0.26\webapps\host-manager]
19-Oct-2019 20:47:37.107 INFO [main] org.apache.catalina.startup.HostConfig.deployDirectory Deployment of web application directory [C:\Users\hayde\Desktop\UCI\Fall 2019\EECS 118\MP2\apache-tomcat-9.0.26\webapps\host-manager] has finished in [165] ms
19-Oct-2019 20:47:37.110 INFO [main] org.apache.catalina.startup.HostConfig.deployDirectory Deploying web application directory [C:\Users\hayde\Desktop\UCI\Fall 2019\EECS 118\MP2\apache-tomcat-9.0.26\webapps\manager]
19-Oct-2019 20:47:37.245 INFO [main] org.apache.catalina.startup.HostConfig.deployDirectory Deployment of web application directory [C:\Users\hayde\Desktop\UCI\Fall 2019\EECS 118\MP2\apache-tomcat-9.0.26\webapps\manager] has finished in [135] ms
19-Oct-2019 20:47:37.250 INFO [main] org.apache.catalina.startup.HostConfig.deployDirectory Deploying web application directory [C:\Users\hayde\Desktop\UCI\Fall 2019\EECS 118\MP2\apache-tomcat-9.0.26\webapps\ROOT]
19-Oct-2019 20:47:37.361 INFO [main] org.apache.catalina.startup.HostConfig.deployDirectory Deployment of web application directory [C:\Users\hayde\Desktop\UCI\Fall 2019\EECS 118\MP2\apache-tomcat-9.0.26\webapps\ROOT] has finished in [111] ms
19-Oct-2019 20:47:37.363 INFO [main] org.apache.catalina.startup.HostConfig.deployDirectory Deploying web application directory [C:\Users\hayde\Desktop\UCI\Fall 2019\EECS 118\MP2\apache-tomcat-9.0.26\webapps\test]
19-Oct-2019 20:47:37.483 INFO [main] org.apache.catalina.startup.HostConfig.deployDirectory Deployment of web application directory [C:\Users\hayde\Desktop\UCI\Fall 2019\EECS 118\MP2\apache-tomcat-9.0.26\webapps\test] has finished in [120] ms
19-Oct-2019 20:47:37.498 INFO [main] org.apache.coyote.AbstractProtocol.start Starting ProtocolHandler ["http-nio-8080"]
19-Oct-2019 20:47:37.517 INFO [main] org.apache.coyote.AbstractProtocol.start Starting ProtocolHandler ["ajp-nio-8009"]
19-Oct-2019 20:47:37.530 INFO [main] org.apache.catalina.startup.Catalina.start Server startup in [5,338] milliseconds
